  Index loaded 16.4139 bytes per triple
1;6237;254374000
2;1;260000
3;356747;1708475000
4;2614;54378000
5;4165;67789000
6;149793;1191992000
7;188;8504000
8;34641;182937000
9;272860;780774000
10;297;35086000
11;160;15629000
12;17;1733000
13;469;13673000
14;26278;97685000
15;8456;96985000
16;1;233000
17;661;14240000
18;12939;39882000
19;35303;292102000
20;37445;118439000
21;35302;276954000
22;18620;172271000
23;177;7560000
24;130444;710881000
25;742103;1939984000
26;2538;37607000
27;40453;241882000
28;1738;28496000
29;590522;1072592000
30;4174;49304000
31;1405;18873000
32;1627;25877000
33;440579;704505000
34;11387;133385000
35;240;9279000
36;31;1622000
37;795680;994410000
38;50949;212868000
39;190233;414140000
40;8408;253751000
41;187322;555789000
42;156659;537996000
43;206934;13314874000
44;163270;823338000
45;129;6632000
46;4;326000
47;1;132000
48;247463;902704000
49;144269;332598000
Mandatory
50;0;1273000
51;7184;68085000
52;9987;90330000
53;3630;43457000
54;51210;329419000
55;38254;281804000
56;3;980000
57;413;10509000
58;4701;41346000
59;40;2199000
60;76;3104000
61;4;848000
62;6;1184000
63;245;7179000
64;3;578000
65;230;42075000
66;13;2029000
67;517;6488000
68;293233;940281000
69;2818;46429000
70;93;1797000
71;319;10719000
72;72360;610709000
73;1;212000
74;209809;3509959000
75;437999;1695841000
76;11713;45722000
77;455640;2403649000
78;3411;38478000
79;12309;74709000
80;299487;598189000
81;2861;22869000
82;57199;162857000
83;2360;42762000
84;5035;60013000
85;15813;175979000
86;3361;46387000
87;528324;2109882000
88;488345;1519069000
89;337115;774297000
90;376;8457000
91;1750;9434000
92;20422;230121000
93;72360;608052000
94;156562;279734000
95;42475;132507000
96;1211;26803000
97;8;836000
98;296;10610000
99;27686;174381000
100;159;4555000
101;20704;83915000
102;5;1048000
103;44943;261019000
104;38964;164556000
105;14837;75961000
106;1863;40562000
107;359864;998201000
108;18979;126951000
109;412236;1454953000
110;9433;124889000
111;13724;89119000
112;13489;40319000
113;841202;2815938000
114;409;4732000
115;10600;42629000
116;13047;94963000
117;9563;73379000
118;10600;41114000
119;8010;69185000
120;4304;50033000
121;12278;187216000
122;578301;609872000
123;521;16719000
124;578298;603712000
125;1743;42751000
126;12530;76023000
127;380;10353000
128;838216;868723000
129;15440;99258000
130;953843;869703000
131;13984;33894000
132;6114;41978000
133;368;10369000
134;116682;275556000
135;60;3036000
136;211701;523222000
137;2468;26323000
138;71907;239910000
139;2467;25107000
140;217;5583000
141;8030;93745000
142;268;6890000
143;5146;44828000
144;421927;785174000
145;18241;81425000
146;3459;35445000
147;22;2113000
148;9;814000
149;2177;40509000
150;25;1294000
151;510;9022000
152;4776;35728000
153;264720;747046000
154;330;9224000
155;1159;19206000
156;15269;56294000
157;54;3438000
158;712;15161000
159;195;136839000
160;18270;94441000
161;363612;482554000
162;2728;52051000
163;98055;246479000
164;169172;613779000
165;5276;62028000
166;504;16308000
167;81536;357105000
168;331748;698027000
169;63529;380847000
170;41033;102333000
171;772265;529052000
172;29564;137007000
173;57;6190000
174;22622;132977000
175;35942;157684000
176;34;896000
177;3792;62915000
178;677;8045000
179;679;18464000
180;312;11525000
181;7595;31091000
182;641298;2966241000
183;128525;383938000
184;29620;157912000
185;0;302000
186;63;3557000
187;87962;423170000
188;111390;1004024000
189;407;11162000
190;37571;358020000
191;644829;1203381000
192;1090;35791000
193;100624;476949000
194;613238;1677530000
195;5713;76873000
196;909856;779474000
197;412235;1586690000
198;110522;825595000
199;1467;19472000
200;21;1731000
201;35943;155492000
202;356746;1295418000
203;88042;526283000
Mandatory
204;13278464;28813091000
205;0;1212329000
206;234587;716131000
207;412296;1487014000
208;525636;557965000
209;525635;556827000
210;8041;52406000
211;841203;2887147000
212;1;188000
213;0;237000
214;347;5595000
215;569514;600528000
216;1;202000
217;290;11988000
218;268;10410000
219;0;189000
220;92611;261167000
221;4164;43766000
222;21;657000
223;82;2136000
224;613392;56272749000
225;50949;325624000
226;848022;3708415000
227;44;3951000
228;530438;1304336000
229;850776;690757000
230;27;2359000
231;57;3512000
232;221404;1464816000
233;5729;94801000
234;156660;610720000
235;4314;80476000
236;33;1837000
237;44;1311000
238;1112;27277000
239;4733;57520000
240;99;3489000
241;28899;305179000
242;26;1529000
243;44;1039000
244;4426;14491000
245;46886;142558000
246;211;7572000
247;5568;82822000
248;7507;70550000
249;995;7345000
250;82712;540221000
251;147;4888000
252;2224;36720000
253;1802;18948000
254;497;8349000
255;295;6051000
256;14425;129244000
257;106609;769507000
258;365678;1087784000
259;829360;2543867000
260;2;407000
261;14747;110709000
262;41423;167981000
263;20634;121369000
264;47;2953000
265;256677;1066981000
266;254;6741000
267;5013;50986000
268;45494;229665000
269;5873;84106000
270;995;10919000
271;2;349000
272;179;6325000
273;93;3553000
274;6;302000
275;386533;1271015000
276;65289;353360000
277;13;966000
278;53;2632000
279;64062;3268546000
Mandatory
280;190926;9484540000
Mandatory
281;90164;5281112000
282;41071;163640000
283;218172;508988000
284;135998;438913000
285;3092;38007000
286;127305;211247000
287;3771;43813000
288;39163;51217000
289;7327;66682000
290;9;443000
291;3614;422195000
292;889;22456000
293;38612;148885000
294;95356;441113000
295;905;15088000
296;25442;144179000
297;3082;58409000
298;25441;141827000
299;111;2080000
300;688807;1275676000
301;310559;710532000
302;41422;170682000
303;22117;262250000
304;244;10710000
305;16238;138898000
306;53488;481176000
307;5;741000
308;239;9604000
309;481;12880000
310;9951;124507000
311;225;4663000
312;621;8111000
313;41386;246936000
314;22588;109318000
315;8297;63717000
316;61366;260500000
317;18;1322000
318;402;13046000
319;27;1622000
320;111;4300000
321;21;759000
322;219;7452000
323;18;1048000
324;755934;2535082000
325;256585;960074000
326;47016;436174000
327;465560;1001944000
328;8964;259306000
329;96;2586000
330;641299;3311475000
331;538839;2625885000
332;538838;2564252000
333;54135;307870000
334;47898;278708000
335;71468;537148000
336;848022;3572833000
337;106609;648443000
338;191616;3313704000
339;0;356000
340;139;8174000
341;2189;37240000
342;376;12356000
343;222295;621495000
344;17213;91749000
345;4685;52234000
346;17477;104237000
347;2326;32808000
348;30232;143718000
349;30231;145233000
350;6563;41345000
351;69548;121128000
352;4;880000
353;1090;8985000
354;10515;54023000
355;66240;649494000
356;7180;86479000
357;938;20862000
358;1425;118914000
359;11;443000
360;15;1004000
361;16;698000
362;14;478000
363;14;480000
364;11;483000
365;11;488000
366;1383;40847000
367;15;722000
368;16;556000
369;13;733000
370;13;449000
371;5517;42927000
372;20053;147225000
373;822846;1357216000
374;86;3834000
375;215018;778357000
376;809015;1133313000
377;5810;134900000
378;819856;1282999000
379;165986;608664000
380;447540;1366508000
381;5850;134016000
382;177;5098000
383;46;674000
384;46;563000
385;466096;294631000
386;99516;412779000
387;233608;643206000
388;1381;33365000
389;8754;105348000
390;829284;2414925000
391;1468;20158000
392;1672;34141000
393;36;1536000
394;45;17158000
395;18240;79823000
396;855;14782000
397;793;16093000
398;1828;22835000
399;749;16077000
400;984;17260000
401;446;11154000
402;290158;543173000
403;2831;59969000
404;79893;236094000
Mandatory
405;5066;950830000
406;14648;140205000
407;30;2393000
408;45;3274000
409;25831;75905000
410;482025;1128719000
411;2820;71983000
412;810813;1176108000
413;138961;552532000
414;447708;1381127000
415;977469;1454592000
416;20367;35545000
417;15354;95433000
418;136415;532557000
419;16103;218965000
420;23040;136057000
421;6190;57990000
422;18;2879000
423;164;4625000
424;13;742000
425;30;983000
426;819856;1293627000
427;819861;1302684000
428;559997;443495000
429;822851;1444397000
430;795680;1055516000
431;0;329000
432;0;283000
433;0;265000
434;27436;75670000
435;888;16218000
436;254;2137000
437;346814;529449000
438;608;20697000
439;822846;1347338000
440;766339;725956000
441;7439;276632000
442;578299;609016000
443;38003;424688000
444;582322;639634000
445;601379;866337000
446;594069;341802000
447;18875;42313000
448;4125;48708000
449;36935;119554000
450;2531;30987000
451;901;12565000
452;52095;302268000
453;11759;109684000
454;34;1135000
455;1456;26672000
456;18645;119815000
457;1;189000
458;16;3934000
459;819869;1333180000
460;3179;43898000
461;205;1886000
462;14410;72231000
463;14314;71643000
464;588;16198000
465;384160;575821000
466;5489;85114000
467;33549;97555000
468;10361;71834000
469;33002;245413000
470;3;556000
471;6852;74609000
472;14591;36631000
473;16641;231895000
474;9456;117990000
475;221403;1499663000
476;80;4231000
477;9457;128099000
478;3;450000
479;18624;48717000
480;56243;314516000
481;440580;856139000
Mandatory
482;0;622000
483;383;12349000
484;81877;399817000
485;326322;586934000
486;8;1974000
487;1397;37584000
488;374;7767000
489;2005;47313000
490;33;2358000
491;301435;651230000
492;255;9567000
493;4591;51853000
494;3472;19721000
495;12745;87461000
496;1;210000
497;62;2889000
498;13787;155832000
499;578;13638000
500;291;1309000
501;4509;37616000
502;521573;2890576000
503;2823;39896000
504;1571;35105000
505;3;487000
506;9947;18809000
507;28485;161186000
508;818;28986000
509;102;5275000
510;518;4697000
511;14406;83250000
512;151;4820000
513;5;578000
514;176030;664546000
515;1628;26478000
516;60165;280941000
517;52;2316000
518;108;7360000
519;52378;353839000
520;588251;15061801000
521;181;5524000
522;606;12553000
523;167;4452000
524;11844;37363000
525;11845;37660000
526;200;4303000
527;1074;24270000
528;2665;22037000
529;2939;19050000
530;164077;215635000
531;1070;25644000
532;184;8586000
533;240007;733109000
534;346275;710450000
535;4224;57616000
536;1074;8082000
537;340110;772243000
538;24;2155000
539;12;1572000
540;94;4135000
541;157616;214404000
542;0;332000
543;344964;1298937000
544;45494;228423000
545;511921;1482214000
546;894571;1332489000
547;535515;1604673000
548;303191;404182000
549;11887;129776000
550;530439;1247445000
551;447;9616000
552;134802;378022000
553;26851;4869526000
554;58;892000
555;263562;376664000
556;263446;383397000
557;2379;88991000
558;1933;66463000
559;926;34552000
560;0;1144439000
561;22;1845000
562;37328;303136000
563;120495;550600000
564;377209;1988940000
565;1175;28141000
566;120496;503302000
567;93766;161183000
568;2727;52176000
569;8660;109671000
Mandatory
570;567612;3977785000
571;559996;448322000
572;1073;26846000
573;557136;398050000
574;594068;346111000
575;53;2211000
576;39981;172595000
577;638855;1158944000
578;38599;171098000
579;51447;266295000
580;6884;92056000
581;9788;132311000
582;1173;18755000
583;23792;55799000
584;214069;491260000
585;614;17838000
586;28484;171598000
587;588;16723000
588;17340;232023000
589;898106;6320944000
590;53;4044000
591;1818;18750000
592;328;10031000
593;374710;437915000
594;56513;265813000
595;1172;97625000
596;2188;19124000
597;424579;1043887000
598;247047;497854000
599;181;3090000
600;9856;78408000
601;9855;77817000
Mandatory
602;7833;822693000
603;31;3116000
604;0;261000
605;462;12807000
606;39;840000
607;509441;1620276000
608;168118;553912000
609;12499;144995000
610;3410;38591000
611;312;9320000
612;17116;77266000
613;2732;19106000
614;1956;28680278000
615;97627;303095000
616;209767;1382690000
617;344;11129000
618;15812;176196000
619;18949;220927000
620;6751;117464000
621;4164;43017000
622;441523;543757000
623;221403;1357873000
624;36494;212074000
Mandatory
625;1472;184412000
626;43440;196669000
627;35;10756000
628;13788;153065000
629;75;3391000
630;177;5559000
631;1;151000
632;373;6790000
633;14971;108165000
634;5315;108934000
635;239574;531459000
636;16826;30084000
637;482081;746731000
638;12597;64019000
639;740977;1952359000
640;4;1409000
641;1387;22427000
642;22;1103000
643;3119;9664000
644;4;781000
645;57198;167956000
646;5;1042000
647;274;7342000
648;206;6609000
649;28083;54332000
650;6;1200000
651;4;730000
652;983;17792000
653;6;757000
654;6;594000
655;5;422000
656;4;671000
657;305;4595000
658;7;823000
659;31;1567000
660;116;4339000
661;5;575000
662;4;617000
663;6;625000
664;7;809000
665;6;598000
666;4;458000
667;20;815000
668;25;853000
669;6;530000
670;5;505000
671;7;907000
672;7;729000
673;405;8372000
674;6;641000
675;6;517000
676;4;482000
677;7;801000
678;108;3186000
679;380;6127000
680;7;680000
681;5;562000
682;32;2121000
683;7;695000
684;6;451000
685;4;453000
686;7;696000
687;7;535000
688;1041;12369000
689;4;552000
690;8;878000
691;6;604000
692;6;544000
693;6;510000
694;97;858000
695;7;665000
696;6;481000
697;9;575000
698;254;3910000
699;6;429000
700;4;584000
701;31;1388000
702;7;656000
703;7984;81064000
704;5;736000
705;196;6470000
706;6;640000
707;6;619000
708;6;499000
709;4;500000
710;5;593000
711;7;703000
712;312;9001000
713;48;2950000
714;46;1779000
715;0;272000
716;21;940000
717;4;682000
718;645;51729000
719;26;1709000
720;22;1031000
721;27;1128000
722;2;510000
723;21;997000
724;22;1069000
725;23012;108664000
726;28;1500000
727;31;1145000
728;613;16795000
729;21495;82199000
730;5610;48040000
731;209768;1445941000
732;345;11554000
733;17341;219824000
734;589;16704000
735;9789;127619000
736;6;1112000
737;60716;229417000
738;18950;238123000
739;6752;121201000
740;66241;746366000
741;24;2045000
742;37329;276348000
743;54;1286000
744;36301;362586000
745;248454;1515776000
746;18565;110620000
747;1524;20197000
748;29757;264361000
749;9075;92637000
750;8899;29555000
751;58443;364648000
752;75;2810000
753;312007;918435000
754;29307;247479000
755;167;4668000
756;0;170000
757;41;3111000
758;660;5357000
759;62227;230115000
760;39732;168260000
761;50949;206386000
762;3068;25143000
763;171132;527977000
764;8;1024000
765;25809;144659000
766;78924;544975000
767;49036;272797000
768;256;13034000
769;446136;629484000
770;369752;401041000
771;161919;253316000
772;543845;599070000
773;2870;43248000
774;1439;25703000
775;5521;28865000
776;28;2295000
777;16;1439000
778;11;1098000
779;23;2117000
780;4;601000
781;18023;121017000
782;6933;78843000
783;1615;19940000
784;65;4625000
785;18900;222197000
786;70816;559335000
787;72360;604306000
788;20421;229966000
789;3469;28953000
790;6616;82595000
791;8;1159000
792;5;509000
793;117273;5404341000
794;41043;286948000
795;38;4321000
796;2432;36693000
797;35;1721000
Mandatory
798;105524;1412781000
799;86;3796000
800;9;875000
801;6;578000
802;304;7634000
803;4;731000
Mandatory
804;822887;25094342000
805;4;696000
806;736;22161000
807;1965;42696000
808;6;770000
809;889;28310000
810;30739;138420000
811;38613;158081000
812;274925;1607090000
813;25;2752000
814;9;830000
815;9;658000
816;8;582000
817;8;569000
818;7;573000
819;8;558000
820;10;576000
821;9;698000
822;9;679000
823;421;19407000
824;213541;2867617000
825;169171;621346000
826;115431;3501506000
827;9;1114000
828;8;648000
829;8;615000
830;8;612000
831;7;707000
832;36651;2189964000
833;1690;180800000
834;2139;46329000
835;858;10285000
836;4;656000
837;52;2753000
838;5;575000
839;577066;597467000
840;32154;235245000
841;12783;84021000
842;192;10032000
843;44814;103731000
844;1;227000
845;23;2704000
846;193;9725000
847;122190;270176000
848;6;967000
849;2141;22473000
850;278;11373000
851;0;54000
852;57437;302480000
853;10858;122930000
854;18;1668000
855;6;734000
856;421367;2256605000
857;4;1113000
858;23;674000
859;0;252000
860;0;161000
861;399289;455970000
862;386534;897145000
863;5289;923988000
864;4;725000
865;10;808000
866;6108;19214000
867;4;800000
868;649;25269000
869;0;316000
870;174;7758000
871;174;4602000
872;0;199000
873;0;152000
874;2159;28602000
875;9511;79081000
876;33857;115986000
877;9;657000
878;214091;478409000
879;279875;1233264000
880;2128;38217000
881;0;316000
882;60175;279385000
883;0;45000
884;3627;32872000
885;0;46000
886;120982;397946000
887;8;860000
888;176029;636739000
889;5;816000
890;4;555000
891;0;161000
892;0;160000
893;0;172000
894;9907;104674000
895;14952;64563000
896;50949;204646000
897;765;20505000
898;4;645000
899;245496;442858000
900;245219;439595000
901;134;1434000
902;5;711000
903;7;651000
904;27333;130663000
905;45493;228737000
906;149793;994880000
907;188;7722000
908;1786;27382000
909;3535;59011000
910;57065;585940000
911;57066;577244000
912;3;854000
913;7;997000
914;4469;39438000
915;7;308594000
916;18727;96327000
917;6257;52562000
918;28305;196796000
919;6590;58430000
920;4;663000
Mandatory
921;66842387;72595501000
922;42073;339643000
923;682;54326000
924;210205;8335011000
925;4;859000
926;6094;116410000
927;23;1693000
928;8;516000
929;71266;143218000
930;577;16790000
931;263445;922453000
932;605312;30256148000
933;188098;473232000
934;13643;22563000
935;15;973000
936;1457;38631000
937;138825;17260884000
938;4;861000
939;102;9654000
940;8;3066000
941;0;264000
942;19;1361000
943;55823;1023359000
944;96374;451647000
945;9;830000
946;103;1726000
947;3119;11567000
948;9;922000
949;278569;4909281000
950;381;5603000
951;288;1147000
952;11380;18231000
953;100;3775000
954;7741;93182000
955;3530;44711000
956;3;736000
957;6;645000
958;41583;87445000
959;179;1209000
960;324130;1392261000
961;21;1931000
962;6;795000
963;1399;17059000
964;426;6176000
965;24256;66762000
966;64;1210000
967;684;5012000
968;191742;188572000
969;63316;454091000
970;680;14223000
971;0;272000
972;15285;124506000
973;12544;107193000
974;7712;88260000
975;44797;253667000
976;2395;51380000
977;190;5140000
978;10;736000
979;1869;34262000
980;25;1784000
981;8;643000
982;28;1617000
983;746;18847000
984;667740;1434088000
985;41310;407254000
986;3305;58727000
987;2662;58266000
988;6;1244000
989;843;20843000
990;841;16006000
991;520;41058000
Mandatory
992;446067;24472735000
993;7592;86617000
994;5337;55806000
995;27950;224821000
996;11847;77839000
997;834653;5231698000
998;60477;304290000
999;378;16645000
1000;879;4217000
1001;91;584000
1002;353;1167000
1003;233;921000
1004;554226;3053648000
1005;1999;49416000
1006;11;1484000
1007;212;7249000
1008;5;1016000
1009;5;807000
1010;81;398000
1011;93;560000
1012;290;947000
1013;60028;284935000
1014;637;4475000
1015;46;1108000
1016;307933;1625727000
1017;246620;1373212000
1018;6447;74961000
1019;253381;7218028000
1020;1;166000
1021;1;132000
1022;79;4413000
1023;195743;839820000
1024;6;953000
1025;574358;3140440000
1026;208779;704866000
1027;109;7289000
1028;7;3067000
1029;35;7719000
1030;5;1581000
1031;1;535000
1032;614;24161000
1033;121992;365012000
1034;433384;1157345000
1035;1574;17607000
1036;4924;12123000
1037;81;3762000
1038;4;659000
1039;31370;39419000
1040;258332;295059000
1041;12;1275000
1042;2861;1962000
1043;731;16338000
1044;115;6301000
1045;1863;13811000
1046;6;991000
1047;1;152000
1048;438811;1997588000
1049;129650;479641000
Mandatory
1050;61681750;71020367000
1051;740977;2495742000
1052;59509;398341000
1053;180281;1140607000
1054;6;1303000
1055;6;735000
1056;6204;284801000
1057;582496;670186000
1058;570836;549012000
1059;582398;643089000
1060;23053;104912000
1061;0;276000
1062;0;176000
1063;0;60000
1064;134;4093000
1065;0;171000
1066;126;6668000
1067;306;6879000
1068;12;467000
1069;1378;27241000
1070;57;2310000
1071;82092;355860000
1072;18964;121793000
1073;13496;92790000
1074;6;1007000
1075;204;7505000
1076;244;9787000
1077;13;1576000
1078;5953;18090000
1079;222294;642043000
1080;28281;182554000
1081;15127;48110000
1082;0;265000
1083;0;204000
1084;0;149000
1085;0;128000
1086;247163;646499000
1087;0;50000
1088;0;200000
1089;0;174000
1090;838408;1213655000
1091;592;5607000
1092;925;65778000
1093;0;267000
1094;19972;150523000
1095;43307;225817000
1096;10;1203000
1097;26215;265612000
1098;33540;163243000
1099;24;930000
1100;1474;2108000
1101;2740;2695000
1102;2162;9545000
1103;16;1331000
1104;1;837000
1105;1;529000
1106;2279;29092000
Mandatory
1107;0;841000
1108;6;928000
1109;319881;1060090000
1110;4;870000
1111;1084;29506000
1112;13795;97695000
1113;10072;43311000
1114;369;1052000
1115;85488;353049000
1116;6;882000
1117;4;505000
1118;800;14131000
1119;1;205000
1120;15979;329265000
1121;10425;29575000
1122;792;19492000
1123;3635;37980000
1124;2788;50766000
1125;14;1632000
1126;417472;1998267000
1127;39186;269489000
1128;211;7519000
1129;20591;112330000
1130;484414;2248907000
1131;6;1110000
1132;3;546000
1133;4;530000
1134;267;10712000
1135;34;358000
1136;323;637000
1137;242842;1465800000
1138;6;1045000
1139;2957;46634000
1140;1;227000
1141;22961;208363000
1142;1513;34025000
1143;1750;28237000
1144;559996;444283000
1145;34282;188430000
1146;2369;38773000
1147;4;827000
1148;2;317000
1149;589;15271000
1150;256728;836781000
1151;220;3953000
1152;47834;217563000
1153;369;15308000
1154;68013;251853000
1155;933;9796000
1156;199974;415856000
1157;3254;42259000
1158;6;815000
1159;13;2038000
1160;49;2873000
1161;357296;1148367000
1162;0;202000
1163;0;296819000
1164;0;544000
1165;0;939000
1166;0;5682000
1167;0;1071000
1168;1;136000
1169;4;561000
1170;34281;186188000
1171;7776;75090000
1172;5;876000
1173;5;558000
1174;5;598000
1175;33451;175329000
1176;12277;31853000
1177;70820;558811000
1178;1669;34501000
1179;37824;180787000
1180;16474;74131000
1181;347;4764000
1182;524968;541755000
1183;2415;31547000
1184;36;859000
1185;23;1815000
1186;65;4041000
1187;220;7872000
1188;12465;65535000
1189;22810;202056000
1190;10279;142909000
1191;11847;90574000
1192;110136;269703000
1193;346760;517640000
1194;38588;45966000
1195;541;6800000
1196;44667;92656000
1197;5530;57321000
1198;5184;45755000
1199;2132;16213000
1200;0;137000
1201;0;126000
1202;5408;44823000
1203;2172;15987000
1204;5531;57202000
1205;18;757000
1206;18;478000
1207;5407;44102000
1208;2171;16163000
1209;2365;19499000
1210;2904;22032000
1211;14;540000
1212;13;504000
1213;0;157000
1214;0;144000
1215;13;463000
1216;8;439000
1217;39;1310000
1218;6;425000
1219;647450;2697184000
1220;62;3267000
1221;61;1820000
1222;6889;16696000
1223;37408;177235000
1224;24970;107357000
1225;525037;758505000
1226;346760;523427000
1227;8;920000
1228;8904;78571000
1229;4;737000
1230;0;161000
1231;0;149000
1232;512;9267000
1233;117;3985000
1234;92;3511000
1235;29;1602000
1236;12;948000
1237;667;13870000
1238;1570;34313000
1239;10668;102668000
1240;70815;555811000
1241;7097;13585000
1242;738462;1100797000
1243;738462;1090222000
1244;73;2227000
1245;7504;91264000
1246;98041;469842000
1247;26376;313939000
1248;12309;55541000
1249;1;233000
1250;1;140000
1251;1;842000
1252;5;514000
1253;666;6365000
1254;1;92000
1255;26743;284239000
1256;2058;37663000
1257;1072;23616000
1258;7503;81397000
1259;123727;744337000
1260;689863;1609068000
1261;322;10115000
1262;97408;1031273000
1263;2537;44455000
1264;6;971000
1265;138;5465000
1266;9;747000
1267;3;387000
1268;1427;12198000
1269;23;2155000
1270;70816;562919000
1271;1;207000
1272;3448;46553000
1273;126;5547000
1274;500;10236000
1275;906;11916000
1276;5561;38256000
1277;1;179000
1278;4;460000
1279;45374;235430000
1280;16;1297000
1281;843865;1287290000
1282;6804;50944000
1283;232409;779028000
1284;4;862000
1285;4;573000
1286;5;609000
1287;210708;434948000
1288;670831;1337214000
1289;1;1401000
1290;4;506000
1291;4;696000
1292;6;1134000
1293;1272;21477000
1294;853178;3172721000
1295;20;3029000
1296;19;851000
1297;18;704000
1298;17;560000
1299;102428;8520456000
1300;57438;495503000
1301;1;13620000
1302;524;21781000
1303;23013;140049000
1304;37731;265053000
1305;554525;2998959000
1306;160279;513144000
1307;449;3258000
1308;14313;80999000
1309;14313;70046000
1310;3217;673980000
1311;689909;1616688000
1312;90;47990000
1313;5179;75795000
1314;574358;3208050000
1315;43788;284966000
1316;41163;78698000
1317;5;929000
1318;142545;378913000
1319;142546;380229000
1320;6;1017000
1321;6;620000
1322;1;130000
1323;142545;371589000
1324;35;1445000
1325;7;840000
1326;373;8380000
1327;16;603000
1328;36;1424000
1329;1156;4842000
1330;667969;962457000
1331;38379;94359000
1332;15412;61265000
1333;18661;138441000
1334;247552;879336000
1335;23374;157295000
1336;63816;160561000
1337;18773;128160000
1338;336695;625266000
1339;24987;105265000
1340;26747;204655000
1341;21351;140844000
1342;27876;183406000
1343;144306;323870000
1344;31684;111903000
1345;26437;90274000
1346;89345;202224000
1347;525082;749617000
1348;22587;114066000
1349;20772;102046000
1350;322582;452642000
1351;28972;177747000
1352;64003;127909000
1353;27539;110951000
1354;19333;137365000
1355;88805;224335000
1356;15594;62683000
1357;169944;470366000
1358;29136;167824000
1359;84484;997165000
1360;67509;6497165000
1361;936298;1550267000
1362;4891;60814000
1363;2495;53881000
1364;2487;17438000
1365;12687;83461000
1366;3109;47726000
1367;894;15724000
1368;1567;41547000
1369;5110;51092000
1370;1961;42278000
1371;141;5225000
1372;1716;35116000
1373;4;927000
1374;6;943000
Mandatory
1375;0;862000
1376;50;3893000
1377;37629;145561000
1378;57129;253917000
1379;140700;12980591000
1380;14568;125550000
1381;5011;64651000
1382;629962;3113801000
1383;632654;2880357000
1384;28;1440000
1385;6;679000
1386;1;163000
1387;0;186000
1388;375;15102000
1389;0;231000
1390;0;154000
1391;0;145000
1392;287428;13814131000
1393;4;480000
1394;47792;337220000
1395;7498;41596000
1396;17;1570000
1397;16272;26187000
1398;1322;11963000
1399;15409;73342000
1400;1;177000
1401;2;338000
1402;346;2485000
1403;154141;270498000
1404;23121;139455000
1405;21547;135158000
1406;18274;117778000
1407;14044;35257000
1408;4710;65384000
1409;967;23262000
Mandatory
1410;392710;18642774000
1411;1;265000
1412;121;6352000
1413;57;1332000
1414;178;3494000
1415;4;890000
Mandatory
1416;3885;600190000
1417;1872;91160000
1418;1510;38811000
1419;543;15775000
1420;109337;224749000
1421;22;1843000
1422;199;6017000
1423;4605;84604000
1424;1285;29232000
1425;1034;12941000
1426;951;15149000
1427;634215;60023284000
1428;9;2471000
1429;20054;243421000
1430;412235;2047445000
1431;93164;601268000
1432;4;1150000
1433;712044;2611774000
1434;585311;669460000
1435;578360;626962000
1436;3679;15121000
1437;861;4785000
1438;175;1046000
1439;793;2642000
1440;14410;73366000
1441;14314;72866000
1442;14410;66606000
1443;14314;68090000
1444;1193;27154000
1445;1265;60747000
1446;1771;34277000
1447;32600;186805000
1448;30;1300000
1449;96;2412000
1450;130;2110000
1451;96;1563000
1452;317;3957000
1453;13171;105173000
1454;2684;23280000
1455;5;821000
1456;8397;84304000
1457;48;1210000
1458;756;12260000
1459;1497;25370000
1460;38612;131363000
1461;2;459000
1462;24;973000
1463;3022;19322000
1464;22113;131393000
1465;918;7749000
1466;234;7209000
1467;8;766000
1468;6;797000
1469;6;672000
1470;1014;17175000
1471;2383;15896000
1472;14410;70564000
1473;14314;70228000
1474;420;11543000
1475;1220;11522000
1476;27496;269188000
1477;24908;240335000
1478;3066;43925000
1479;58;2913000
1480;41422;171428000
1481;71212;240345000
1482;16;1376000
1483;2113;18814000
1484;1;181000
1485;7933;111506000
1486;27681;97081000
1487;2112;18504000
1488;15155;107874000
1489;11639;45162000
Mandatory
1490;0;352882000
1491;42506;235724000
1492;96;2615000
1493;16299;29531000
1494;8;1093000
1495;1265;8987000
1496;3;571000
1497;42475;133050000
1498;36074;53375000
1499;2643;7582000
1500;73;2680000
1501;34;197000
1502;1;155000
1503;302;5531000
1504;16989;137262000
1505;783145;2670669000
1506;126583;365201000
1507;638451;1150247000
1508;18240;81504000
1509;20;4292000
1510;4;652000
1511;44533;63668000
1512;198931;425940000
1513;360;6908000
1514;638855;1092645000
1515;86816;152884000
1516;10235;12480000
1517;2568;44659000
1518;1;178000
1519;6046;81419000
1520;240855;1105911000
1521;5362;64026000
1522;5361;56956000
1523;212028;511414000
1524;35092;228891000
1525;13144;21523000
1526;13143;20244000
1527;1622;13405000
1528;344;13137000
1529;4153;56288000
1530;20;1011000
1531;1563;30195000
1532;8680;10014000
1533;70;3340000
1534;5;586000
1535;280;3123000
1536;240234;401078000
1537;3817;49333000
1538;35092;153867000
1539;67586;263671000
1540;3;699000
1541;67585;226165000
1542;6811;48791000
1543;107312;254777000
1544;8934;69072000
1545;231;7425000
1546;524;9967000
1547;744;2585000
1548;19152;95545000
1549;46968;92389000
1550;5749;92182000
1551;536;15453000
1552;379;9435000
1553;6805;48433000
1554;5775;24153000
1555;5032;50618000
1556;36;2366000
1557;6;630000
1558;8;970000
1559;311;8947000
1560;171940;1159828000
1561;5405;66290000
1562;301;5588000
1563;226;4110000
1564;0;771000
1565;260512;737498000
1566;2383;37915000
1567;212029;490756000
1568;0;321000
1569;1823;28732000
1570;28841;154072000
1571;7348;29063000
1572;6805;46848000
1573;10533;48643000
1574;35878;198422000
1575;35937;220560000
1576;4;415000
1577;16473;73314000
1578;16473;69661000
1579;75728;274307000
1580;19954;122688000
1581;121585;179933000
1582;110430;492506000
1583;19634;186529000
1584;307859;519489000
1585;10779;47858000
1586;42092;250705000
1587;5361;66419000
1588;4;740000
1589;1;310000
