  Index loaded 13.058 bytes per triple
1;0;0
Mandatory
2;11;36681000
Mandatory
3;4448;51991000
Mandatory
4;91758;310464000
Mandatory
5;2902;17335000
Mandatory
6;263423;443935000
Mandatory
7;52122;104111000
Mandatory
8;49847;11507590000
Mandatory
9;305305;12088578000
Mandatory
10;0;11342862000
Mandatory
11;0;5532000
Mandatory
12;88062;199064000
Mandatory
13;1239254;1125454000
Mandatory
14;12249;32088000
Mandatory
15;2021352;1777722000
Mandatory
16;369903;353103000
Mandatory
17;320761;12011205000
Mandatory
18;1719;18686000
Mandatory
19;681074;806835000
Mandatory
20;9247431;8247898000
Mandatory
21;4450339;9066367000
Mandatory
22;4676070;19564122000
Mandatory
23;90;7664000
Mandatory
24;2794;27575000
Mandatory
25;58029;53471000
Mandatory
26;0;5943000
Mandatory
27;25998;47269000
Mandatory
28;0;988000
Mandatory
29;0;6358000
Mandatory
30;0;4787000
Mandatory
31;5305;14284000
Mandatory
32;0;4833000
Mandatory
33;170494;66600000
Mandatory
34;31150;18990000
Mandatory
35;1323644;14469272000
Mandatory
36;3451;106007000
Mandatory
37;3027;145828000
Mandatory
38;548;122607000
Mandatory
39;3648;137556000
Mandatory
40;20908;681130000
Mandatory
41;6716;573808000
Mandatory
42;1640425;10235222000
Mandatory
43;1539124;9161103000
Mandatory
44;2424;108270000
Mandatory
45;3064;198405000
Mandatory
46;812005;3729965000
Mandatory
47;252933;1179430000
Mandatory
48;14;22203000
Mandatory
49;29;20847000
Mandatory
50;8224;388546000
Mandatory
51;3917;343750000
Mandatory
52;59204;3224409000
Mandatory
53;17986;1004201000
Mandatory
54;1420359;12938110000
Mandatory
55;1714168;10598026000
