  Index loaded 13.058 bytes per triple
1;0;0
<--------> Query: 2 <-------->
Time intersections: 5713453
-----T-----
5526, 1569, 215426, 
-----S-----
7121, 1937, 68283, 
-----L-----
1.28864, 2.82542, 1.21253, 
-----R-----
3.38772, 3.36553, 3.1549, 
Weight of i=0: 2896.6
Weight of i=1: 177.401
Weight of i=2: 712558
Selectivity: 1-th mandatory pred by intersecting 
Startitng with subquery: left
Source
0;11;7121;left;1134004000
1;11;1937;left;190287000
1;11;1937;right;240440000
2;11;68283;left;1649549000
2;11;68283;right;13620766000
Target
0;11;5526;left;955954000
0;11;5526;right;188489000
1;11;1569;left;277714000
1;11;1569;right;41364000
2;11;215426;left;28917534000
Intersection
0;11;448;left;155356000
0;11;448;right;57183000
1;11;1;left;3308000
1;11;1;right;2724000
---------------------
<--------> Query: 3 <-------->
Time intersections: 4861972
-----T-----
5526, 1569, 24426, 
-----S-----
7121, 1937, 8331, 
-----L-----
1.28864, 2.82542, 1.30474, 
-----R-----
3.24757, 3.18493, 2.93194, 
Weight of i=0: 2811.42
Weight of i=1: 10.0807
Weight of i=2: 83982
Selectivity: 1-th mandatory pred by intersecting 
Startitng with subquery: left
Source
0;4448;7121;left;880586000
1;4448;1937;left;200184000
1;4448;1937;right;298237000
2;4448;8331;left;268090000
2;4448;8331;right;1594568000
Target
0;4448;5526;left;960628000
0;4448;5526;right;229840000
1;4448;1569;left;288354000
1;4448;1569;right;107543000
2;4448;24426;left;3290479000
Intersection
0;4448;448;left;164991000
0;4448;448;right;97055000
1;4448;179;left;60005000
1;4448;179;right;71192000
---------------------
<--------> Query: 4 <-------->
Time intersections: 3478873
-----T-----
5526, 1569, 374181, 
-----S-----
7121, 1937, 2886609, 
-----L-----
1.28864, 2.82542, 29.5111, 
-----R-----
1.48608, 0.915015, 0.129626, 
Weight of i=0: 788.847
Weight of i=1: 0
Weight of i=2: 1.14167e+07
Selectivity: 1-th mandatory pred by intersecting 
Startitng with subquery: left
Source
0;91758;7121;left;1104213000
1;91758;1937;left;348568000
1;91758;1937;right;880510000
2;91758;2886609;left;68242982000
Time: 600
2;0;2886609;right;600155195000
Target
0;91758;5526;left;1113613000
0;91758;5526;right;438343000
1;91758;1569;left;377249000
1;91758;1569;right;763903000
2;91758;374181;left;138024505000
Intersection
0;91758;448;left;317278000
0;91758;448;right;314526000
1;91758;1569;left;380502000
1;91758;1569;right;785595000
---------------------
<--------> Query: 5 <-------->
Time intersections: 4242907
-----T-----
5526, 1569, 7043, 
-----S-----
7121, 1937, 2330, 
-----L-----
1.28864, 2.82542, 1.26554, 
-----R-----
3.30465, 3.25849, 3.02275, 
Weight of i=0: 2846.12
Weight of i=1: 10.2251
Weight of i=2: 23824.5
Selectivity: 1-th mandatory pred by intersecting 
Startitng with subquery: left
Source
0;2902;7121;left;900939000
1;2902;1937;left;193594000
1;2902;1937;right;254412000
2;2902;2330;left;73022000
2;2902;2330;right;439736000
Target
0;2902;5526;left;955564000
0;2902;5526;right;200521000
1;2902;1569;left;281057000
1;2902;1569;right;56276000
2;2902;7043;left;718625000
Intersection
0;2902;448;left;156680000
0;2902;448;right;65895000
1;2902;41;left;15221000
1;2902;41;right;17557000
---------------------
<--------> Query: 6 <-------->
Time intersections: 473067
-----T-----
5526, 124, 374181, 
-----S-----
7121, 131, 2886609, 
-----L-----
1.28864, 2.41783, 26.3668, 
-----R-----
1.60578, 1.06926, 0.129626, 
Weight of i=0: 274.959
Weight of i=1: 0
Weight of i=2: 1.02401e+07
Selectivity: 1-th mandatory pred by intersecting 
Startitng with subquery: left
Source
0;263423;7121;left;4727756000
1;263423;131;left;490463000
1;263423;131;right;482239000
2;263423;2886609;left;32318263000
Time: 600
2;0;2886609;right;600154001000
Target
0;263423;5526;left;1375088000
0;263423;5526;right;576434000
1;263423;124;left;497333000
1;263423;124;right;639480000
2;263423;374181;left;173271490000
Intersection
0;263423;118;left;500141000
0;263423;118;right;451595000
1;263423;124;left;497545000
1;263423;124;right;635587000
---------------------
<--------> Query: 7 <-------->
Time intersections: 543437
-----T-----
5526, 124, 1569, 
-----S-----
7121, 131, 1937, 
-----L-----
1.28864, 2.41783, 4.21947, 
-----R-----
2.10556, 1.7133, 0.810015, 
Weight of i=0: 522.764
Weight of i=1: 0
Weight of i=2: 8189.34
Selectivity: 1-th mandatory pred by intersecting 
Startitng with subquery: left
Source
0;52122;7121;left;1193047000
1;52122;131;left;117927000
1;52122;131;right;123047000
2;52122;1937;left;238464000
2;52122;1937;right;551167000
Target
0;52122;5526;left;997524000
0;52122;5526;right;257357000
1;52122;124;left;235290000
1;52122;124;right;277312000
2;52122;1569;left;278044000
Intersection
0;52122;118;left;117550000
0;52122;118;right;113566000
1;52122;118;left;215858000
1;52122;118;right;277919000
---------------------
<--------> Query: 8 <-------->
Time intersections: 74957
-----T-----
5526, 374181, 7, 
-----S-----
7121, 2886609, 7, 
-----L-----
1.28864, 17.6556, 18.6556, 
-----R-----
0.977199, 0.259253, 1, 
Weight of i=0: 0
Weight of i=1: 144.589
Weight of i=2: 137.589
Selectivity: 0-th mandatory pred by intersecting 
Startitng with subquery: left
Source
0;49847;7121;left;2184266000
1;49847;2886609;left;72222138000
Time: 600
1;0;2886609;right;600048558000
2;49847;7;left;4134695000
2;49847;7;right;4136194000
Target
0;49847;5526;left;2730272000
0;49847;5526;right;2732186000
1;49847;374181;left;237616450000
1;49847;374181;right;13222285000
2;49847;7;left;11161945000
Intersection
0;49847;5526;left;2695927000
0;49847;5526;right;2668572000
1;49847;7;left;4133665000
1;49847;7;right;4133985000
---------------------
<--------> Query: 9 <-------->
Time intersections: 76357
-----T-----
2606, 374181, 7, 
-----S-----
43615, 2886609, 7, 
-----L-----
16.7364, 136.827, 137.827, 
-----R-----
0.0752405, 0.259253, 1, 
Weight of i=0: 0
Weight of i=1: 978.788
Weight of i=2: 971.788
Selectivity: 0-th mandatory pred by intersecting 
Startitng with subquery: left
Source
0;305305;43615;left;9382000000
1;305305;2886609;left;31258795000
Time: 600
1;0;2886609;right;600045159000
2;305305;7;left;4275630000
2;305305;7;right;4292142000
Target
0;305305;2606;left;1397224000
0;305305;2606;right;2046822000
1;305305;374181;left;149575899000
1;305305;374181;right;13472334000
2;305305;7;left;11785143000
Intersection
0;305305;2606;left;1401572000
0;305305;2606;right;2082867000
1;305305;7;left;4263010000
1;305305;7;right;4292867000
---------------------
<--------> Query: 10 <-------->
Time intersections: 73047
-----T-----
167, 374181, 7, 
-----S-----
66789, 2886609, 7, 
-----L-----
399.934, 3093, 3094, 
-----R-----
0.00314865, 0.259253, 1, 
Weight of i=0: 0
Weight of i=1: 21672
Weight of i=2: 21665
Selectivity: 0-th mandatory pred by intersecting 
Startitng with subquery: left
Source
0;0;66789;left;8364016000
1;0;2886609;left;31289585000
Time: 600
1;0;2886609;right;600048146000
2;0;7;left;4150710000
2;0;7;right;4104467000
Target
0;0;167;left;275241000
0;0;167;right;19832000
1;0;374181;left;150348891000
1;0;374181;right;12847681000
2;0;7;left;11100264000
Intersection
0;0;167;left;275591000
0;0;167;right;19865000
1;0;7;left;4102540000
1;0;7;right;4104016000
---------------------
<--------> Query: 11 <-------->
Time intersections: 3365138
-----T-----
309, 1569, 215426, 
-----S-----
45823, 1937, 68283, 
-----L-----
148.294, 184.311, 58.7374, 
-----R-----
0.0294383, 3.36553, 3.1549, 
Weight of i=0: 385.89
Weight of i=1: 10009.5
Weight of i=2: 4.02044e+07
Selectivity: 0-th mandatory pred by intersecting 
Startitng with subquery: right
Source
0;0;45823;left;6425566000
1;0;1937;left;284798000
1;0;1937;right;253991000
2;0;68283;left;1705230000
2;0;68283;right;14364059000
Target
0;0;309;left;280671000
0;0;309;right;31358000
1;0;1569;left;354325000
1;0;1569;right;43380000
2;0;215426;left;29996671000
Intersection
0;0;244;left;262904000
0;0;244;right;30395000
1;0;1;left;3197000
1;0;1;right;2544000
---------------------
<--------> Query: 12 <-------->
Time intersections: 2410613
-----T-----
309, 1569, 24426, 
-----S-----
45823, 1937, 8331, 
-----L-----
148.294, 184.311, 63.2041, 
-----R-----
0.0282204, 3.18493, 2.93194, 
Weight of i=0: 358.747
Weight of i=1: 547.252
Weight of i=2: 4.55916e+06
Selectivity: 0-th mandatory pred by intersecting 
Startitng with subquery: right
Source
0;88062;45823;left;4731721000
1;88062;1937;left;317156000
1;88062;1937;right;467955000
2;88062;8331;left;262323000
2;88062;8331;right;1825833000
Target
0;88062;309;left;305853000
0;88062;309;right;220326000
1;88062;1569;left;378808000
1;88062;1569;right;262070000
2;88062;24426;left;1796858000
Intersection
0;88062;244;left;294920000
0;88062;244;right;219159000
1;88062;179;left;161439000
1;88062;179;right;225079000
---------------------
<--------> Query: 13 <-------->
Time intersections: 524162
-----T-----
309, 1569, 374181, 
-----S-----
45823, 1937, 2886609, 
-----L-----
148.294, 184.311, 1429.57, 
-----R-----
0.0129136, 0.915015, 0.129626, 
Weight of i=0: 17.5909
Weight of i=1: 0
Weight of i=2: 5.35294e+08
Selectivity: 1-th mandatory pred by intersecting 
Startitng with subquery: left
Source
0;1239254;45823;left;12239727000
1;1239254;1937;left;1148244000
1;1239254;1937;right;1989367000
2;1239254;2886609;left;33013011000
Time: 600
2;0;2886609;right;600150514000
Target
0;1239254;309;left;1135591000
0;1239254;309;right;1289475000
1;1239254;1569;left;1179223000
1;1239254;1569;right;1863790000
2;1239254;374181;left;182617357000
Intersection
0;1239254;244;left;1127492000
0;1239254;244;right;1292661000
1;1239254;1569;left;1178715000
1;1239254;1569;right;1851644000
---------------------
<--------> Query: 14 <-------->
Time intersections: 1668962
-----T-----
309, 1569, 7043, 
-----S-----
45823, 1937, 2330, 
-----L-----
148.294, 184.311, 61.3054, 
-----R-----
0.0287164, 3.25849, 3.02275, 
Weight of i=0: 369.802
Weight of i=1: 564.17
Weight of i=2: 1.31452e+06
Selectivity: 0-th mandatory pred by intersecting 
Startitng with subquery: right
Source
0;12249;45823;left;5677533000
1;12249;1937;left;277881000
1;12249;1937;right;136566000
2;12249;2330;left;67912000
2;12249;2330;right;447749000
Target
0;12249;309;left;271623000
0;12249;309;right;36763000
1;12249;1569;left;328891000
1;12249;1569;right;86198000
2;12249;7043;left;810106000
Intersection
0;12249;244;left;255341000
0;12249;244;right;36415000
1;12249;41;left;29815000
1;12249;41;right;44505000
---------------------
<--------> Query: 15 <-------->
Time intersections: 457685
-----T-----
309, 124, 374181, 
-----S-----
45823, 131, 2886609, 
-----L-----
148.294, 157.722, 1224.46, 
-----R-----
0.0139538, 1.06926, 0.129626, 
Weight of i=0: 2364.97
Weight of i=1: 0
Weight of i=2: 4.58544e+08
Selectivity: 1-th mandatory pred by intersecting 
Startitng with subquery: left
Source
0;2021352;45823;left;37939538000
1;2021352;131;left;1852363000
1;2021352;131;right;1948490000
2;2021352;2886609;left;33487679000
Time: 600
2;0;2886609;right;600150053000
Target
0;2021352;309;left;1979104000
0;2021352;309;right;1868780000
1;2021352;124;left;4263458000
1;2021352;124;right;4362441000
2;2021352;374181;left;196610197000
Intersection
0;2021352;121;left;1854975000
0;2021352;121;right;1866513000
1;2021352;124;left;4264058000
1;2021352;124;right;4367346000
---------------------
<--------> Query: 16 <-------->
Time intersections: 530814
-----T-----
309, 124, 1569, 
-----S-----
45823, 131, 1937, 
-----L-----
148.294, 157.722, 195.95, 
-----R-----
0.0182967, 1.7133, 0.810015, 
Weight of i=0: 13593.1
Weight of i=1: 0
Weight of i=2: 309014
Selectivity: 1-th mandatory pred by intersecting 
Startitng with subquery: left
Source
0;369903;45823;left;7613321000
1;369903;131;left;369223000
1;369903;131;right;445298000
2;369903;1937;left;1650695000
2;369903;1937;right;1994701000
Target
0;369903;309;left;497503000
0;369903;309;right;443961000
1;369903;124;left;1772705000
1;369903;124;right;1741602000
2;369903;1569;left;1537867000
Intersection
0;369903;121;left;366973000
0;369903;121;right;437651000
1;369903;118;left;1615943000
1;369903;118;right;1745037000
---------------------
<--------> Query: 17 <-------->
Time intersections: 76612
-----T-----
309, 374181, 7, 
-----S-----
45823, 2886609, 7, 
-----L-----
148.294, 1151.73, 1152.73, 
-----R-----
0.00849157, 0.259253, 1, 
Weight of i=0: 0
Weight of i=1: 8083.1
Weight of i=2: 8076.1
Selectivity: 0-th mandatory pred by intersecting 
Startitng with subquery: left
Source
0;320761;45823;left;13779463000
1;320761;2886609;left;30363205000
Time: 600
1;0;2886609;right;600048685000
2;320761;7;left;4509663000
2;320761;7;right;4532532000
Target
0;320761;309;left;499656000
0;320761;309;right;604710000
1;320761;374181;left;147973758000
1;320761;374181;right;13367602000
2;320761;7;left;11593184000
Intersection
0;320761;309;left;495499000
0;320761;309;right;609249000
1;320761;7;left;4495652000
1;320761;7;right;4531289000
---------------------
<--------> Query: 18 <-------->
Time intersections: 7274855
-----T-----
59245, 1569, 215426, 
-----S-----
668010, 1937, 68283, 
-----L-----
11.2754, 15.1545, 5.12045, 
-----R-----
0.387174, 3.36553, 3.1549, 
Weight of i=0: 33055.3
Weight of i=1: 937.052
Weight of i=2: 3.76381e+06
Selectivity: 1-th mandatory pred by intersecting 
Startitng with subquery: right
Source
0;1719;668010;left;112303601000
1;1719;1937;left;1069935000
1;1719;1937;right;252385000
2;1719;68283;left;1688037000
2;1719;68283;right;13734350000
Target
0;1719;59245;left;14804947000
0;1719;59245;right;1374181000
1;1719;1569;left;1481209000
1;1719;1569;right;50107000
2;1719;215426;left;29100198000
Intersection
0;1719;940;left;1067167000
0;1719;940;right;128537000
1;1719;1;left;11459000
1;1719;1;right;11275000
---------------------
<--------> Query: 19 <-------->
Time intersections: 6557452
-----T-----
59245, 1569, 24426, 
-----S-----
668010, 1937, 8331, 
-----L-----
11.2754, 15.1545, 5.50983, 
-----R-----
0.371157, 3.18493, 2.93194, 
Weight of i=0: 30837.6
Weight of i=1: 51.296
Weight of i=2: 427347
Selectivity: 1-th mandatory pred by intersecting 
Startitng with subquery: right
Source
0;681074;668010;left;67715937000
1;681074;1937;left;1396013000
1;681074;1937;right;989615000
2;681074;8331;left;842036000
2;681074;8331;right;1675075000
Target
0;681074;59245;left;15285577000
0;681074;59245;right;1559892000
1;681074;1569;left;1719586000
1;681074;1569;right;851838000
2;681074;24426;left;2642197000
Intersection
0;681074;940;left;1392126000
0;681074;940;right;931665000
1;681074;179;left;742604000
1;681074;179;right;839327000
---------------------
<--------> Query: 20 <-------->
Time intersections: 5276218
-----T-----
59245, 1569, 374181, 
-----S-----
668010, 1937, 2886609, 
-----L-----
11.2754, 15.1545, 124.623, 
-----R-----
0.16984, 0.915015, 0.129626, 
Weight of i=0: 2963.63
Weight of i=1: 0
Weight of i=2: 4.70059e+07
Selectivity: 1-th mandatory pred by intersecting 
Startitng with subquery: left
Source
0;9247431;668010;left;211373922000
1;9247431;1937;left;7937917000
1;9247431;1937;right;9486864000
2;9247431;2886609;left;75858536000
Time: 600
2;0;2886609;right;600154691000
Target
0;9247431;59245;left;21829097000
0;9247431;59245;right;10599505000
1;9247431;1569;left;8040484000
1;9247431;1569;right;8946843000
2;9247431;374181;left;234722052000
Intersection
0;9247431;940;left;7931261000
0;9247431;940;right;8919513000
1;9247431;1569;left;8046663000
1;9247431;1569;right;8950060000
---------------------
<--------> Query: 21 <-------->
Time intersections: 548522
-----T-----
59245, 124, 1569, 
-----S-----
668010, 131, 1937, 
-----L-----
11.2754, 12.9683, 17.2445, 
-----R-----
0.240639, 1.7133, 0.810015, 
Weight of i=0: 1491.4
Weight of i=1: 0
Weight of i=2: 28625.7
Selectivity: 1-th mandatory pred by intersecting 
Startitng with subquery: left
Source
0;4450339;668010;left;154801179000
1;4450339;131;left;4202903000
1;4450339;131;right;3685947000
2;4450339;1937;left;9340756000
2;4450339;1937;right;9532804000
Target
0;4450339;59245;left;18831139000
0;4450339;59245;right;5211858000
1;4450339;124;left;9878501000
1;4450339;124;right;9257281000
2;4450339;1569;left;6077354000
Intersection
0;4450339;131;left;4212064000
0;4450339;131;right;3685985000
1;4450339;118;left;9295960000
1;4450339;118;right;9264527000
---------------------
<--------> Query: 22 <-------->
Time intersections: 92855
-----T-----
59245, 374181, 7, 
-----S-----
668010, 2886609, 7, 
-----L-----
11.2754, 94.6981, 95.6981, 
-----R-----
0.111682, 0.259253, 1, 
Weight of i=0: 0
Weight of i=1: 683.887
Weight of i=2: 676.887
Selectivity: 0-th mandatory pred by intersecting 
Startitng with subquery: left
Source
0;4676070;668010;left;331093905000
1;4676070;2886609;left;103811759000
Time: 600
1;0;2886609;right;600053016000
2;4676070;7;left;11174023000
2;4676070;7;right;13131129000
Target
0;4676070;59245;left;27364639000
0;4676070;59245;right;27086033000
1;4676070;374181;left;254431533000
1;4676070;374181;right;17117374000
2;4676070;7;left;19142637000
Intersection
0;4676070;59245;left;27605905000
0;4676070;59245;right;27157784000
1;4676070;7;left;11130987000
1;4676070;7;right;13122955000
---------------------
<--------> Query: 23 <-------->
Time intersections: 3129672
-----T-----
50, 1569, 215426, 
-----S-----
3714, 1937, 68283, 
-----L-----
74.28, 92.9365, 29.7748, 
-----R-----
0.0587713, 3.36553, 3.1549, 
Weight of i=0: 0
Weight of i=1: 5108.76
Weight of i=2: 2.05201e+07
Selectivity: 0-th mandatory pred by intersecting 
Startitng with subquery: left
Source
0;90;3714;left;226018000
1;90;1937;left;43845000
1;90;1937;right;106688000
2;90;68283;left;742817000
2;90;68283;right;6105987000
Target
0;90;50;left;33963000
0;90;50;right;2883000
1;90;1569;left;108770000
1;90;1569;right;20752000
2;90;215426;left;12292069000
Intersection
0;90;30;left;21359000
0;90;30;right;2741000
1;90;1;left;3993000
1;90;1;right;3324000
---------------------
<--------> Query: 24 <-------->
Time intersections: 2141437
-----T-----
50, 1569, 24426, 
-----S-----
3714, 1937, 8331, 
-----L-----
74.28, 92.9365, 32.039, 
-----R-----
0.05634, 3.18493, 2.93194, 
Weight of i=0: 0
Weight of i=1: 279.348
Weight of i=2: 2.32725e+06
Selectivity: 0-th mandatory pred by intersecting 
Startitng with subquery: left
Source
0;2794;3714;left;287692000
1;2794;1937;left;44781000
1;2794;1937;right;133308000
2;2794;8331;left;123904000
2;2794;8331;right;726983000
Target
0;2794;50;left;34662000
0;2794;50;right;16618000
1;2794;1569;left;110118000
1;2794;1569;right;53257000
2;2794;24426;left;1411721000
Intersection
0;2794;30;left;22584000
0;2794;30;right;16466000
1;2794;179;left;28636000
1;2794;179;right;37552000
---------------------
<--------> Query: 25 <-------->
Time intersections: 167199
-----T-----
50, 1569, 374181, 
-----S-----
3714, 1937, 2886609, 
-----L-----
74.28, 92.9365, 724.67, 
-----R-----
0.025781, 0.915015, 0.129626, 
Weight of i=0: 0
Weight of i=1: 0
Weight of i=2: 2.71532e+08
Selectivity: 0-th mandatory pred by intersecting 
Startitng with subquery: left
Source
0;58029;3714;left;574027000
1;58029;1937;left;61130000
1;58029;1937;right;405588000
2;58029;2886609;left;29392189000
Time: 600
2;0;2886609;right;600155286000
Target
0;58029;50;left;51815000
0;58029;50;right;38773000
1;58029;1569;left;130425000
1;58029;1569;right;358125000
2;58029;374181;left;139929638000
Intersection
0;58029;30;left;38372000
0;58029;30;right;38573000
1;58029;1569;left;133553000
1;58029;1569;right;361261000
---------------------
<--------> Query: 26 <-------->
Time intersections: 1392004
-----T-----
50, 1569, 7043, 
-----S-----
3714, 1937, 2330, 
-----L-----
74.28, 92.9365, 31.0765, 
-----R-----
0.0573302, 3.25849, 3.02275, 
Weight of i=0: 0
Weight of i=1: 287.969
Weight of i=2: 670968
Selectivity: 0-th mandatory pred by intersecting 
Startitng with subquery: left
Source
0;0;3714;left;237560000
1;0;1937;left;44614000
1;0;1937;right;114544000
2;0;2330;left;30821000
2;0;2330;right;206140000
Target
0;0;50;left;33572000
0;0;50;right;2061000
1;0;1569;left;112593000
1;0;1569;right;24843000
2;0;7043;left;461016000
Intersection
0;0;30;left;21237000
0;0;30;right;1953000
1;0;41;left;4760000
1;0;41;right;6827000
---------------------
<--------> Query: 27 <-------->
Time intersections: 72825
-----T-----
50, 374181, 7, 
-----S-----
3714, 2886609, 7, 
-----L-----
74.28, 580.745, 581.745, 
-----R-----
0.0169528, 0.259253, 1, 
Weight of i=0: 0
Weight of i=1: 4086.22
Weight of i=2: 4079.22
Selectivity: 0-th mandatory pred by intersecting 
Startitng with subquery: left
Source
0;25998;3714;left;740975000
1;25998;2886609;left;29531398000
Time: 600
1;0;2886609;right;600060563000
2;25998;7;left;3773755000
2;25998;7;right;3775857000
Target
0;25998;50;left;46420000
0;25998;50;right;45422000
1;25998;374181;left;139543054000
1;25998;374181;right;7605625000
2;25998;7;left;10860383000
Intersection
0;25998;50;left;45674000
0;25998;50;right;45574000
1;25998;7;left;3773498000
1;25998;7;right;3775095000
---------------------
<--------> Query: 28 <-------->
Time intersections: 22616979
-----T-----
19447, 374181, 7, 
-----S-----
5066884, 2886609, 7, 
-----L-----
260.548, 2017.71, 2018.71, 
-----R-----
0.00483309, 0.259253, 1, 
Weight of i=0: 304370
Weight of i=1: 14145
Weight of i=2: 14138
Selectivity: 2-th mandatory pred by target
Startitng with subquery: left
Source
0;0;5066884;left;251677492000
1;0;2886609;left;29411746000
Time: 600
1;0;2886609;right;600061206000
2;0;7;left;3799934000
2;0;7;right;3745732000
Target
0;0;19447;left;9808969000
0;0;19447;right;222225000
1;0;374181;left;139723627000
1;0;374181;right;7651223000
2;0;7;left;10795800000
Intersection
0;0;1;left;680000
0;0;1;right;299000
1;0;7;left;3743575000
1;0;7;right;3744530000
---------------------
<--------> Query: 29 <-------->
Time intersections: 6263734
-----T-----
13385, 1569, 215426, 
-----S-----
189092, 1937, 68283, 
-----L-----
14.1272, 18.6751, 6.23638, 
-----R-----
0.309017, 3.36553, 3.1549, 
Weight of i=0: 25512.8
Weight of i=1: 1125.88
Weight of i=2: 4.52225e+06
Selectivity: 1-th mandatory pred by intersecting 
Startitng with subquery: right
Source
0;0;189092;left;10142198000
1;0;1937;left;29587000
1;0;1937;right;111432000
2;0;68283;left;762409000
2;0;68283;right;6376517000
Target
0;0;13385;left;2859682000
0;0;13385;right;164864000
1;0;1569;left;101772000
1;0;1569;right;20478000
2;0;215426;left;12802733000
Intersection
0;0;5;left;7174000
0;0;5;right;3030000
1;0;1;left;3003000
1;0;1;right;2359000
---------------------
<--------> Query: 30 <-------->
Time intersections: 5460683
-----T-----
13385, 1569, 24426, 
-----S-----
189092, 1937, 8331, 
-----L-----
14.1272, 18.6751, 6.71062, 
-----R-----
0.296233, 3.18493, 2.93194, 
Weight of i=0: 23785.6
Weight of i=1: 61.6183
Weight of i=2: 513342
Selectivity: 1-th mandatory pred by intersecting 
Startitng with subquery: right
Source
0;0;189092;left;10219150000
1;0;1937;left;29592000
1;0;1937;right;125706000
2;0;8331;left;112977000
2;0;8331;right;747237000
Target
0;0;13385;left;2865718000
0;0;13385;right;165572000
1;0;1569;left;102153000
1;0;1569;right;41466000
2;0;24426;left;1451338000
Intersection
0;0;5;left;7035000
0;0;5;right;3028000
1;0;179;left;14779000
1;0;179;right;24695000
---------------------
<--------> Query: 31 <-------->
Time intersections: 4133672
-----T-----
13385, 1569, 374181, 
-----S-----
189092, 1937, 2886609, 
-----L-----
14.1272, 18.6751, 151.783, 
-----R-----
0.135556, 0.915015, 0.129626, 
Weight of i=0: 2077.49
Weight of i=1: 0
Weight of i=2: 5.71686e+07
Selectivity: 1-th mandatory pred by intersecting 
Startitng with subquery: left
Source
0;5305;189092;left;10230487000
1;5305;1937;left;31220000
1;5305;1937;right;394281000
2;5305;2886609;left;29888453000
Time: 600
2;0;2886609;right;600155560000
Target
0;5305;13385;left;2858558000
0;5305;13385;right;170681000
1;5305;1569;left;102788000
1;5305;1569;right;337998000
2;5305;374181;left;139948051000
Intersection
0;5305;5;left;8050000
0;5305;5;right;7405000
1;5305;1569;left;105627000
1;5305;1569;right;343824000
---------------------
<--------> Query: 32 <-------->
Time intersections: 4914874
-----T-----
13385, 1569, 7043, 
-----S-----
189092, 1937, 2330, 
-----L-----
14.1272, 18.6751, 6.50903, 
-----R-----
0.30144, 3.25849, 3.02275, 
Weight of i=0: 24489.1
Weight of i=1: 63.4957
Weight of i=2: 147945
Selectivity: 1-th mandatory pred by intersecting 
Startitng with subquery: right
Source
0;0;189092;left;10229032000
1;0;1937;left;29501000
1;0;1937;right;114874000
2;0;2330;left;31134000
2;0;2330;right;206056000
Target
0;0;13385;left;2860820000
0;0;13385;right;164296000
1;0;1569;left;101781000
1;0;1569;right;24936000
2;0;7043;left;460629000
Intersection
0;0;5;left;6699000
0;0;5;right;2972000
1;0;41;left;4575000
1;0;41;right;6683000
---------------------
<--------> Query: 33 <-------->
Time intersections: 266513
-----T-----
13385, 124, 374181, 
-----S-----
189092, 131, 2886609, 
-----L-----
14.1272, 15.9811, 131, 
-----R-----
0.146474, 1.06926, 0.129626, 
Weight of i=0: 7.85073
Weight of i=1: 0
Weight of i=2: 4.9392e+07
Selectivity: 1-th mandatory pred by intersecting 
Startitng with subquery: left
Source
0;170494;189092;left;12858077000
1;170494;131;left;66810000
1;170494;131;right;363141000
2;170494;2886609;left;30035282000
Time: 600
2;0;2886609;right;600154914000
Target
0;170494;13385;left;2923952000
0;170494;13385;right;229237000
1;170494;124;left;272434000
1;170494;124;right;356670000
2;170494;374181;left;140720511000
Intersection
0;170494;3;left;65170000
0;170494;3;right;62694000
1;170494;124;left;272270000
1;170494;124;right;357057000
---------------------
<--------> Query: 34 <-------->
Time intersections: 324794
-----T-----
13385, 124, 1569, 
-----S-----
189092, 131, 1937, 
-----L-----
14.1272, 15.9811, 20.9639, 
-----R-----
0.192062, 1.7133, 0.810015, 
Weight of i=0: 28.6236
Weight of i=1: 0
Weight of i=2: 34461.4
Selectivity: 1-th mandatory pred by intersecting 
Startitng with subquery: left
Source
0;31150;189092;left;10607647000
1;31150;131;left;16887000
1;31150;131;right;72695000
2;31150;1937;left;187574000
2;31150;1937;right;298796000
Target
0;31150;13385;left;2870698000
0;31150;13385;right;179344000
1;31150;124;left;181844000
1;31150;124;right;174992000
2;31150;1569;left;245627000
Intersection
0;31150;3;left;14875000
0;31150;3;right;14307000
1;31150;118;left;164978000
1;31150;118;right;175067000
---------------------
<--------> Query: 35 <-------->
Time intersections: 82404
-----T-----
13385, 374181, 7, 
-----S-----
189092, 2886609, 7, 
-----L-----
14.1272, 116.698, 117.698, 
-----R-----
0.089137, 0.259253, 1, 
Weight of i=0: 0
Weight of i=1: 837.886
Weight of i=2: 830.886
Selectivity: 0-th mandatory pred by intersecting 
Startitng with subquery: left
Source
0;1323644;189092;left;46203519000
1;1323644;2886609;left;36301044000
Time: 600
1;0;2886609;right;600058671000
2;1323644;7;left;6482764000
2;1323644;7;right;6734794000
Target
0;1323644;13385;left;5732716000
0;1323644;13385;right;5885181000
1;1323644;374181;left;167454631000
1;1323644;374181;right;10583404000
2;1323644;7;left;14285941000
Intersection
0;1323644;13385;left;5749118000
0;1323644;13385;right;5894972000
1;1323644;7;left;6483183000
1;1323644;7;right;6736560000
---------------------
<--------> Query: 36 <-------->
Time intersections: 30971090
-----T-----
215426, 12800, 22596, 
-----S-----
68283, 10758, 22594, 
-----L-----
0.316967, 1.10687, 2.10668, 
-----R-----
10.6627, 2.37973, 1.00009, 
Weight of i=0: 367.788
Weight of i=1: 11173.8
Weight of i=2: 59641.3
Selectivity: 0-th mandatory pred by intersecting 
Startitng with subquery: left
Source
0;3451;68283;left;5382072000
1;3451;10758;left;189268000
1;3451;10758;right;18963376000
2;3451;22594;left;7061640000
2;3451;22594;right;8971896000
Target
0;3451;215426;left;14227294000
0;3451;215426;right;2353558000
1;3451;12800;left;11642198000
1;3451;12800;right;7210579000
2;3451;22596;left;12233779000
Intersection
0;3451;119;left;72893000
0;3451;119;right;69828000
1;3451;4232;left;6867088000
1;3451;4232;right;7131335000
---------------------
<--------> Query: 37 <-------->
Time intersections: 16835085
-----T-----
215426, 9153, 22596, 
-----S-----
68283, 8056, 22594, 
-----L-----
0.316967, 1.15913, 2.15894, 
-----R-----
10.3242, 2.27244, 1.00009, 
Weight of i=0: 54.1472
Weight of i=1: 1396.59
Weight of i=2: 61390.3
Selectivity: 0-th mandatory pred by intersecting 
Startitng with subquery: left
Source
0;3027;68283;left;5448512000
1;3027;8056;left;234207000
1;3027;8056;right;33094891000
2;3027;22594;left;3451517000
2;3027;22594;right;5454946000
Target
0;3027;215426;left;14309751000
0;3027;215426;right;2439233000
1;3027;9153;left;44916134000
1;3027;9153;right;3301690000
2;3027;22596;left;9883824000
Intersection
0;3027;27;left;147671000
0;3027;27;right;146111000
1;3027;513;left;3188877000
1;3027;513;right;3208885000
---------------------
<--------> Query: 38 <-------->
Time intersections: 14390427
-----T-----
215426, 9153, 12800, 
-----S-----
68283, 8056, 10758, 
-----L-----
0.316967, 1.15913, 1.81468, 
-----R-----
11.0043, 2.488, 1.18981, 
Weight of i=0: 55.7187
Weight of i=1: 371.185
Weight of i=2: 29800.1
Selectivity: 0-th mandatory pred by intersecting 
Startitng with subquery: left
Source
0;548;68283;left;5423832000
1;548;8056;left;212435000
1;548;8056;right;29244888000
2;548;10758;left;1178950000
2;548;10758;right;11846016000
Target
0;548;215426;left;14288833000
0;548;215426;right;2414758000
1;548;9153;left;44781917000
1;548;9153;right;1175133000
2;548;12800;left;13891027000
Intersection
0;548;27;left;126544000
0;548;27;right;124654000
1;548;197;left;1054766000
1;548;197;right;1076556000
---------------------
<--------> Query: 39 <-------->
Time intersections: 40078598
-----T-----
215426, 22596, 12800, 
-----S-----
68283, 22594, 10758, 
-----L-----
0.316967, 1.31685, 1.94724, 
-----R-----
10.0641, 2.19001, 1.18981, 
Weight of i=0: 458.635
Weight of i=1: 12745.1
Weight of i=2: 32391.1
Selectivity: 0-th mandatory pred by intersecting 
Startitng with subquery: left
Source
0;3648;68283;left;5363262000
1;3648;22594;left;330990000
1;3648;22594;right;12540767000
2;3648;10758;left;575709000
2;3648;10758;right;11231103000
Target
0;3648;215426;left;14234646000
0;3648;215426;right;2356063000
1;3648;22596;left;2147901000
1;3648;22596;right;8399224000
2;3648;12800;left;20789966000
Intersection
0;3648;197;left;91913000
0;3648;197;right;88068000
1;3648;4729;left;512428000
1;3648;4729;right;8172035000
---------------------
<--------> Query: 40 <-------->
Time intersections: 13759122
-----T-----
12800, 9153, 22596, 
-----S-----
10758, 8056, 22594, 
-----L-----
0.840469, 1.61989, 2.61965, 
-----R-----
3.89359, 2.27244, 1.00009, 
Weight of i=0: 615.175
Weight of i=1: 2107.11
Weight of i=2: 92622.4
Selectivity: 0-th mandatory pred by intersecting 
Startitng with subquery: left
Source
0;20908;10758;left;1513498000
1;20908;8056;left;814573000
1;20908;8056;right;33112869000
2;20908;22594;left;3472177000
2;20908;22594;right;5480033000
Target
0;20908;12800;left;1610165000
0;20908;12800;right;861440000
1;20908;9153;left;45208967000
1;20908;9153;right;3333160000
2;20908;22596;left;9910960000
Intersection
0;20908;140;left;726093000
0;20908;140;right;715204000
1;20908;513;left;3218839000
1;20908;513;right;3236440000
---------------------
<--------> Query: 41 <-------->
Time intersections: 10986073
-----T-----
12800, 9153, 12800, 
-----S-----
10758, 8056, 10758, 
-----L-----
0.840469, 1.61989, 2.20193, 
-----R-----
4.15007, 2.488, 1.18981, 
Weight of i=0: 639.452
Weight of i=1: 568.129
Weight of i=2: 45611.5
Selectivity: 1-th mandatory pred by intersecting 
Startitng with subquery: left
Source
0;6716;10758;left;1412782000
1;6716;8056;left;722339000
1;6716;8056;right;29228640000
2;6716;10758;left;1196918000
2;6716;10758;right;11851291000
Target
0;6716;12800;left;1521067000
0;6716;12800;right;773431000
1;6716;9153;left;45157407000
1;6716;9153;right;1185414000
2;6716;12800;left;13860170000
Intersection
0;6716;140;left;633814000
0;6716;140;right;626872000
1;6716;197;left;1069586000
1;6716;197;right;1086057000
---------------------
<--------> Query: 42 <-------->
Time intersections: 35771321
-----T-----
12800, 22596, 12800, 
-----S-----
10758, 22594, 10758, 
-----L-----
0.840469, 1.84031, 2.38719, 
-----R-----
3.79551, 2.19001, 1.18981, 
Weight of i=0: 19139.8
Weight of i=1: 19813
Weight of i=2: 50354
Selectivity: 0-th mandatory pred by intersecting 
Startitng with subquery: left
Source
0;1640425;10758;left;10701735000
1;1640425;22594;left;10179750000
1;1640425;22594;right;13970525000
2;1640425;10758;left;10167413000
2;1640425;10758;right;13052617000
Target
0;1640425;12800;left;10544032000
0;1640425;12800;right;9649394000
1;1640425;22596;left;11878351000
1;1640425;22596;right;10219512000
2;1640425;12800;left;27517009000
Intersection
0;1640425;4232;left;9964017000
0;1640425;4232;right;9558293000
1;1640425;4729;left;10100716000
1;1640425;4729;right;10001475000
---------------------
<--------> Query: 43 <-------->
Time intersections: 49221211
-----T-----
12800, 12800, 22596, 
-----S-----
10758, 10758, 22594, 
-----L-----
0.840469, 1.54686, 2.54663, 
-----R-----
4.02124, 2.37973, 1.00009, 
Weight of i=0: 59917.1
Weight of i=1: 16761.4
Weight of i=2: 89465.3
Selectivity: 1-th mandatory pred by intersecting 
Startitng with subquery: left
Source
0;1539124;10758;left;18699428000
1;1539124;10758;left;15853747000
1;1539124;10758;right;20300282000
2;1539124;22594;left;8334238000
2;1539124;22594;right;10306149000
Target
0;1539124;12800;left;16373443000
0;1539124;12800;right;15456037000
1;1539124;12800;left;12854355000
1;1539124;12800;right;8507514000
2;1539124;22596;left;12030295000
Intersection
0;1539124;4138;left;15798495000
0;1539124;4138;right;15356780000
1;1539124;4232;left;8105075000
1;1539124;4232;right;8434190000
---------------------
<--------> Query: 44 <-------->
Time intersections: 23833122
-----T-----
9153, 12800, 22596, 
-----S-----
8056, 10758, 22594, 
-----L-----
0.880149, 1.58021, 2.57998, 
-----R-----
3.83995, 2.37973, 1.00009, 
Weight of i=0: 650.545
Weight of i=1: 17184.9
Weight of i=2: 91725.9
Selectivity: 0-th mandatory pred by intersecting 
Startitng with subquery: left
Source
0;2424;8056;left;637550000
1;2424;10758;left;187068000
1;2424;10758;right;18969743000
2;2424;22594;left;6937767000
2;2424;22594;right;8878504000
Target
0;2424;9153;left;825671000
0;2424;9153;right;149811000
1;2424;12800;left;11499466000
1;2424;12800;right;7114446000
2;2424;22596;left;12094228000
Intersection
0;2424;197;left;63500000
0;2424;197;right;50318000
1;2424;4232;left;6739531000
1;2424;4232;right;7033691000
---------------------
<--------> Query: 45 <-------->
Time intersections: 26239350
-----T-----
9153, 22596, 12800, 
-----S-----
8056, 22594, 10758, 
-----L-----
0.880149, 1.87998, 2.42054, 
-----R-----
3.62439, 2.19001, 1.18981, 
Weight of i=0: 2409.54
Weight of i=1: 20348.8
Weight of i=2: 51715.6
Selectivity: 0-th mandatory pred by intersecting 
Startitng with subquery: left
Source
0;3064;8056;left;666515000
1;3064;22594;left;368540000
1;3064;22594;right;12527252000
2;3064;10758;left;568983000
2;3064;10758;right;11218780000
Target
0;3064;9153;left;846451000
0;3064;9153;right;177423000
1;3064;22596;left;2178062000
1;3064;22596;right;8378066000
2;3064;12800;left;20618436000
Intersection
0;3064;513;left;115461000
0;3064;513;right;83876000
1;3064;4729;left;505100000
1;3064;4729;right;8159685000
---------------------
<--------> Query: 46 <-------->
Time intersections: 27946388
-----T-----
9153, 9153, 22596, 
-----S-----
8056, 8056, 22594, 
-----L-----
0.880149, 1.65481, 2.65458, 
-----R-----
3.71806, 2.27244, 1.00009, 
Weight of i=0: 43571.8
Weight of i=1: 2160.96
Weight of i=2: 94989.7
Selectivity: 1-th mandatory pred by intersecting 
Startitng with subquery: left
Source
0;812005;8056;left;32977383000
1;812005;8056;left;20584608000
1;812005;8056;right;34008751000
2;812005;22594;left;3906981000
2;812005;22594;right;6044830000
Target
0;812005;9153;left;21004376000
0;812005;9153;right;20156119000
1;812005;9153;left;44907551000
1;812005;9153;right;3903749000
2;812005;22596;left;9734398000
Intersection
0;812005;3241;left;20533523000
0;812005;3241;right;20105136000
1;812005;513;left;3649562000
1;812005;513;right;3807391000
---------------------
<--------> Query: 47 <-------->
Time intersections: 25613076
-----T-----
9153, 9153, 12800, 
-----S-----
8056, 8056, 10758, 
-----L-----
0.880149, 1.65481, 2.23128, 
-----R-----
3.96297, 2.488, 1.18981, 
Weight of i=0: 45308.4
Weight of i=1: 583.057
Weight of i=2: 46809.9
Selectivity: 1-th mandatory pred by intersecting 
Startitng with subquery: left
Source
0;252933;8056;left;29151048000
1;252933;8056;left;17537945000
1;252933;8056;right;29439116000
2;252933;10758;left;1275977000
2;252933;10758;right;11953157000
Target
0;252933;9153;left;17971706000
0;252933;9153;right;17243727000
1;252933;9153;left;44375505000
1;252933;9153;right;1296736000
2;252933;12800;left;13813909000
Intersection
0;252933;3241;left;17494266000
0;252933;3241;right;17186952000
1;252933;197;left;1150241000
1;252933;197;right;1194638000
---------------------
<--------> Query: 48 <-------->
Time intersections: 19233483
-----T-----
437, 12800, 22596, 
-----S-----
321, 10758, 22594, 
-----L-----
0.734554, 1.45784, 2.45762, 
-----R-----
4.60107, 2.37973, 1.00009, 
Weight of i=0: 8.43429
Weight of i=1: 15630.9
Weight of i=2: 83431.3
Selectivity: 0-th mandatory pred by intersecting 
Startitng with subquery: left
Source
0;14;321;left;20844000
1;14;10758;left;126107000
1;14;10758;right;18947127000
2;14;22594;left;6890574000
2;14;22594;right;8926112000
Target
0;14;437;left;29423000
0;14;437;right;5454000
1;14;12800;left;11427617000
1;14;12800;right;7151106000
2;14;22596;left;12151650000
Intersection
0;14;2;left;1641000
0;14;2;right;1164000
1;14;4232;left;6673759000
1;14;4232;right;7092010000
---------------------
<--------> Query: 49 <-------->
Time intersections: 19296064
-----T-----
437, 22596, 12800, 
-----S-----
321, 22594, 10758, 
-----L-----
0.734554, 1.7344, 2.29818, 
-----R-----
4.34278, 2.19001, 1.18981, 
Weight of i=0: 4.07778
Weight of i=1: 18383
Weight of i=2: 46719.8
Selectivity: 0-th mandatory pred by intersecting 
Startitng with subquery: left
Source
0;29;321;left;20760000
1;29;22594;left;253241000
1;29;22594;right;12491337000
2;29;10758;left;523360000
2;29;10758;right;11181371000
Target
0;29;437;left;29399000
0;29;437;right;5360000
1;29;22596;left;2084205000
1;29;22596;right;8351276000
2;29;12800;left;20353213000
Intersection
0;29;1;left;1516000
0;29;1;right;1101000
1;29;4729;left;459652000
1;29;4729;right;8140454000
---------------------
<--------> Query: 50 <-------->
Time intersections: 9401903
-----T-----
437, 9153, 22596, 
-----S-----
321, 8056, 22594, 
-----L-----
0.734554, 1.52667, 2.52644, 
-----R-----
4.45501, 2.27244, 1.00009, 
Weight of i=0: 66.2134
Weight of i=1: 1963.35
Weight of i=2: 86303.5
Selectivity: 0-th mandatory pred by intersecting 
Startitng with subquery: left
Source
0;8224;321;left;376781000
1;8224;8056;left;509292000
1;8224;8056;right;33122423000
2;8224;22594;left;3483663000
2;8224;22594;right;5476451000
Target
0;8224;437;left;443358000
0;8224;437;right;417609000
1;8224;9153;left;45275257000
1;8224;9153;right;3327359000
2;8224;22596;left;9925887000
Intersection
0;8224;18;left;416287000
0;8224;18;right;413071000
1;8224;513;left;3215736000
1;8224;513;right;3232945000
---------------------
<--------> Query: 51 <-------->
Time intersections: 6923534
-----T-----
437, 9153, 12800, 
-----S-----
321, 8056, 10758, 
-----L-----
0.734554, 1.52667, 2.12358, 
-----R-----
4.74847, 2.488, 1.18981, 
Weight of i=0: 68.7469
Weight of i=1: 528.284
Weight of i=2: 42412.5
Selectivity: 0-th mandatory pred by intersecting 
Startitng with subquery: left
Source
0;3917;321;left;347333000
1;3917;8056;left;471659000
1;3917;8056;right;29217505000
2;3917;10758;left;1202176000
2;3917;10758;right;11875387000
Target
0;3917;437;left;405901000
0;3917;437;right;380453000
1;3917;9153;left;45274567000
1;3917;9153;right;1189358000
2;3917;12800;left;13887551000
Intersection
0;3917;18;left;378186000
0;3917;18;right;375885000
1;3917;197;left;1077517000
1;3917;197;right;1093111000
---------------------
<--------> Query: 52 <-------->
Time intersections: 15843789
-----T-----
22596, 9153, 22596, 
-----S-----
22594, 8056, 22594, 
-----L-----
0.999911, 1.76022, 2.75997, 
-----R-----
3.27273, 2.27244, 1.00009, 
Weight of i=0: 2709.84
Weight of i=1: 2323.51
Weight of i=2: 102135
Selectivity: 1-th mandatory pred by intersecting 
Startitng with subquery: left
Source
0;59204;22594;left;3504809000
1;59204;8056;left;1643444000
1;59204;8056;right;33111027000
2;59204;22594;left;3548381000
2;59204;22594;right;5560611000
Target
0;59204;22596;left;3004724000
0;59204;22596;right;1783483000
1;59204;9153;left;45782364000
1;59204;9153;right;3408916000
2;59204;22596;left;10037720000
Intersection
0;59204;545;left;1562407000
0;59204;545;right;1528299000
1;59204;513;left;3291710000
1;59204;513;right;3316615000
---------------------
<--------> Query: 53 <-------->
Time intersections: 13673228
-----T-----
22596, 9153, 12800, 
-----S-----
22594, 8056, 10758, 
-----L-----
0.999911, 1.76022, 2.31988, 
-----R-----
3.48831, 2.488, 1.18981, 
Weight of i=0: 2820.63
Weight of i=1: 628.113
Weight of i=2: 50427.1
Selectivity: 1-th mandatory pred by intersecting 
Startitng with subquery: left
Source
0;17986;22594;left;3214769000
1;17986;8056;left;1394906000
1;17986;8056;right;29245398000
2;17986;10758;left;1214816000
2;17986;10758;right;11882369000
Target
0;17986;22596;left;2759100000
0;17986;22596;right;1538398000
1;17986;9153;left;45778374000
1;17986;9153;right;1203377000
2;17986;12800;left;13878533000
Intersection
0;17986;545;left;1313349000
0;17986;545;right;1285801000
1;17986;197;left;1089249000
1;17986;197;right;1105896000
---------------------
<--------> Query: 54 <-------->
Time intersections: 35686821
-----T-----
22596, 12800, 22596, 
-----S-----
22594, 10758, 22594, 
-----L-----
0.999911, 1.68086, 2.68063, 
-----R-----
3.38003, 2.37973, 1.00009, 
Weight of i=0: 22770.8
Weight of i=1: 18463.2
Weight of i=2: 98548.8
Selectivity: 1-th mandatory pred by intersecting 
Startitng with subquery: left
Source
0;1420359;22594;left;17986821000
1;1420359;10758;left;15512330000
1;1420359;10758;right;20141748000
2;1420359;22594;left;12203419000
2;1420359;22594;right;14214517000
Target
0;1420359;22596;left;16577902000
0;1420359;22596;right;15214296000
1;1420359;12800;left;19449340000
1;1420359;12800;right;12466358000
2;1420359;22596;left;18064248000
Intersection
0;1420359;4729;left;15429578000
0;1420359;4729;right;15036135000
1;1420359;4232;left;11993989000
1;1420359;4232;right;12365528000
---------------------
<--------> Query: 55 <-------->
Time intersections: 71591454
-----T-----
22596, 22596, 12800, 
-----S-----
22594, 22594, 10758, 
-----L-----
0.999911, 1.99973, 2.52118, 
-----R-----
3.19029, 2.19001, 1.18981, 
Weight of i=0: 117265
Weight of i=1: 21965.7
Weight of i=2: 55825
Selectivity: 1-th mandatory pred by intersecting 
Startitng with subquery: left
Source
0;1714168;22594;left;12396619000
1;1714168;22594;left;15410598000
1;1714168;22594;right;14147579000
2;1714168;10758;left;10181794000
2;1714168;10758;right;12725925000
Target
0;1714168;22596;left;15396480000
0;1714168;22596;right;14153727000
1;1714168;22596;left;11950565000
1;1714168;22596;right;9888056000
2;1714168;12800;left;25858628000
Intersection
0;1714168;22592;left;15489111000
0;1714168;22592;right;14200698000
1;1714168;4729;left;10151570000
1;1714168;4729;right;9705111000
---------------------
