  Index loaded 13.058 bytes per triple
1;0;0
<--------> Query: 2 <-------->
Time intersections: 5717688
-----T-----
5526, 1569, 215426, 
-----S-----
7121, 1937, 68283, 
-----L-----
1.28864, 2.82542, 1.21253, 
-----R-----
3.38772, 3.36553, 3.1549, 
Weight of i=0: 2896.6
Weight of i=1: 177.401
Weight of i=2: 712558
Selectivity: 1-th mandatory pred by intersecting 
Startitng with subquery: left
Source
0;11;7121;left;1136631000
1;11;1937;left;191956000
1;11;1937;right;243044000
2;11;68283;left;1691597000
2;11;68283;right;13689952000
Target
0;11;5526;left;966724000
0;11;5526;right;194840000
1;11;1569;left;277847000
1;11;1569;right;42882000
2;11;215426;left;29214032000
Intersection
0;11;448;left;155611000
0;11;448;right;57596000
1;11;1;left;3283000
1;11;1;right;2650000
---------------------
<--------> Query: 3 <-------->
Time intersections: 4786106
-----T-----
5526, 1569, 24426, 
-----S-----
7121, 1937, 8331, 
-----L-----
1.28864, 2.82542, 1.30474, 
-----R-----
3.24757, 3.18493, 2.93194, 
Weight of i=0: 2811.42
Weight of i=1: 10.0807
Weight of i=2: 83982
Selectivity: 1-th mandatory pred by intersecting 
Startitng with subquery: left
Source
0;4448;7121;left;875074000
1;4448;1937;left;201611000
1;4448;1937;right;299695000
2;4448;8331;left;275592000
2;4448;8331;right;1604327000
Target
0;4448;5526;left;971479000
0;4448;5526;right;236084000
1;4448;1569;left;287939000
1;4448;1569;right;108634000
2;4448;24426;left;3305613000
Intersection
0;4448;448;left;165202000
0;4448;448;right;97076000
1;4448;179;left;59747000
1;4448;179;right;70922000
---------------------
<--------> Query: 4 <-------->
Time intersections: 3481446
-----T-----
5526, 1569, 374181, 
-----S-----
7121, 1937, 2886609, 
-----L-----
1.28864, 2.82542, 29.5111, 
-----R-----
1.48608, 0.915015, 0.129626, 
Weight of i=0: 788.847
Weight of i=1: 0
Weight of i=2: 1.14167e+07
Selectivity: 1-th mandatory pred by intersecting 
Startitng with subquery: left
Source
0;91758;7121;left;1098358000
1;91758;1937;left;350265000
1;91758;1937;right;876171000
2;91758;2886609;left;71648441000
2;0;2886609;right;600156696000
Target
0;91758;5526;left;1168083000
0;91758;5526;right;462056000
1;91758;1569;left;397260000
1;91758;1569;right;799386000
2;91758;374181;left;141946117000
Intersection
0;91758;448;left;331534000
0;91758;448;right;330100000
1;91758;1569;left;400367000
1;91758;1569;right;822801000
---------------------
<--------> Query: 5 <-------->
Time intersections: 4240388
-----T-----
5526, 1569, 7043, 
-----S-----
7121, 1937, 2330, 
-----L-----
1.28864, 2.82542, 1.26554, 
-----R-----
3.30465, 3.25849, 3.02275, 
Weight of i=0: 2846.12
Weight of i=1: 10.2251
Weight of i=2: 23824.5
Selectivity: 1-th mandatory pred by intersecting 
Startitng with subquery: left
Source
0;2902;7121;left;934755000
1;2902;1937;left;206044000
1;2902;1937;right;270425000
2;2902;2330;left;78273000
2;2902;2330;right;456068000
Target
0;2902;5526;left;1002082000
0;2902;5526;right;217709000
1;2902;1569;left;298009000
1;2902;1569;right;60352000
2;2902;7043;left;745919000
Intersection
0;2902;448;left;165966000
0;2902;448;right;68269000
1;2902;41;left;15564000
1;2902;41;right;17909000
---------------------
<--------> Query: 6 <-------->
Time intersections: 469872
-----T-----
5526, 124, 374181, 
-----S-----
7121, 131, 2886609, 
-----L-----
1.28864, 2.41783, 26.3668, 
-----R-----
1.60578, 1.06926, 0.129626, 
Weight of i=0: 274.959
Weight of i=1: 0
Weight of i=2: 1.02401e+07
Selectivity: 1-th mandatory pred by intersecting 
Startitng with subquery: left
Source
0;263423;7121;left;4768162000
1;263423;131;left;499872000
1;263423;131;right;493641000
2;263423;2886609;left;34473072000
2;0;2886609;right;600152830000
Target
0;263423;5526;left;1411922000
0;263423;5526;right;588592000
1;263423;124;left;514649000
1;263423;124;right;642635000
2;263423;374181;left;147779847000
Intersection
0;263423;118;left;495994000
0;263423;118;right;450818000
1;263423;124;left;494101000
1;263423;124;right;640436000
---------------------
<--------> Query: 7 <-------->
Time intersections: 557434
-----T-----
5526, 124, 1569, 
-----S-----
7121, 131, 1937, 
-----L-----
1.28864, 2.41783, 4.21947, 
-----R-----
2.10556, 1.7133, 0.810015, 
Weight of i=0: 522.764
Weight of i=1: 0
Weight of i=2: 8189.34
Selectivity: 1-th mandatory pred by intersecting 
Startitng with subquery: left
Source
0;52122;7121;left;1222693000
1;52122;131;left;117090000
1;52122;131;right;122505000
2;52122;1937;left;236226000
2;52122;1937;right;564749000
Target
0;52122;5526;left;1039385000
0;52122;5526;right;272942000
1;52122;124;left;231095000
1;52122;124;right;273049000
2;52122;1569;left;276289000
Intersection
0;52122;118;left;116962000
0;52122;118;right;112918000
1;52122;118;left;212578000
1;52122;118;right;273776000
---------------------
<--------> Query: 8 <-------->
Time intersections: 93500
-----T-----
5526, 374181, 7, 
-----S-----
7121, 2886609, 7, 
-----L-----
1.28864, 17.6556, 18.6556, 
-----R-----
0.977199, 0.259253, 1, 
Weight of i=0: 0
Weight of i=1: 144.589
Weight of i=2: 137.589
Selectivity: 0-th mandatory pred by intersecting 
Startitng with subquery: left
Source
0;49847;7121;left;2212075000
1;49847;2886609;left;75521123000
1;0;2886609;right;600054613000
2;49847;7;left;4157108000
2;49847;7;right;4162453000
Target
0;49847;5526;left;2708865000
0;49847;5526;right;2704209000
1;49847;374181;left;238629734000
1;49847;374181;right;13533362000
2;49847;7;left;15140396000
Intersection
0;49847;5526;left;2687893000
0;49847;5526;right;2661590000
1;49847;7;left;4154689000
1;49847;7;right;4159295000
---------------------
<--------> Query: 9 <-------->
Time intersections: 84222
-----T-----
2606, 374181, 7, 
-----S-----
43615, 2886609, 7, 
-----L-----
16.7364, 136.827, 137.827, 
-----R-----
0.0752405, 0.259253, 1, 
Weight of i=0: 0
Weight of i=1: 978.788
Weight of i=2: 971.788
Selectivity: 0-th mandatory pred by intersecting 
Startitng with subquery: left
Source
0;305305;43615;left;9338391000
1;305305;2886609;left;33254256000
1;0;2886609;right;600051466000
2;305305;7;left;4334432000
2;305305;7;right;4344408000
Target
0;305305;2606;left;1409378000
0;305305;2606;right;2059087000
1;305305;374181;left;240795499000
1;305305;374181;right;12269255000
2;305305;7;left;15942508000
Intersection
0;305305;2606;left;1410994000
0;305305;2606;right;2088703000
1;305305;7;left;4322419000
1;305305;7;right;4337033000
---------------------
<--------> Query: 10 <-------->
Time intersections: 78155
-----T-----
167, 374181, 7, 
-----S-----
66789, 2886609, 7, 
-----L-----
399.934, 3093, 3094, 
-----R-----
0.00314865, 0.259253, 1, 
Weight of i=0: 0
Weight of i=1: 21672
Weight of i=2: 21665
Selectivity: 0-th mandatory pred by intersecting 
Startitng with subquery: left
Source
0;0;66789;left;8437539000
1;0;2886609;left;32847417000
1;0;2886609;right;600052675000
2;0;7;left;4188731000
2;0;7;right;4143125000
Target
0;0;167;left;276827000
0;0;167;right;20180000
1;0;374181;left;152023027000
1;0;374181;right;13349355000
2;0;7;left;15258678000
Intersection
0;0;167;left;276509000
0;0;167;right;20284000
1;0;7;left;4141863000
1;0;7;right;4143527000
---------------------
<--------> Query: 11 <-------->
Time intersections: 3386591
-----T-----
309, 1569, 215426, 
-----S-----
45823, 1937, 68283, 
-----L-----
148.294, 184.311, 58.7374, 
-----R-----
0.0294383, 3.36553, 3.1549, 
Weight of i=0: 385.89
Weight of i=1: 10009.5
Weight of i=2: 4.02044e+07
Selectivity: 0-th mandatory pred by intersecting 
Startitng with subquery: right
Source
0;0;45823;left;6488820000
1;0;1937;left;287375000
1;0;1937;right;259051000
2;0;68283;left;1805259000
2;0;68283;right;14546948000
Target
0;0;309;left;282199000
0;0;309;right;32053000
1;0;1569;left;356712000
1;0;1569;right;44791000
2;0;215426;left;30466519000
Intersection
0;0;244;left;264590000
0;0;244;right;30977000
1;0;1;left;3207000
1;0;1;right;2520000
---------------------
<--------> Query: 12 <-------->
Time intersections: 2422641
-----T-----
309, 1569, 24426, 
-----S-----
45823, 1937, 8331, 
-----L-----
148.294, 184.311, 63.2041, 
-----R-----
0.0282204, 3.18493, 2.93194, 
Weight of i=0: 358.747
Weight of i=1: 547.252
Weight of i=2: 4.55916e+06
Selectivity: 0-th mandatory pred by intersecting 
Startitng with subquery: right
Source
0;88062;45823;left;4733703000
1;88062;1937;left;319273000
1;88062;1937;right;470791000
2;88062;8331;left;266689000
2;88062;8331;right;1848500000
Target
0;88062;309;left;306906000
0;88062;309;right;221498000
1;88062;1569;left;358607000
1;88062;1569;right;264252000
2;88062;24426;left;1819826000
Intersection
0;88062;244;left;295636000
0;88062;244;right;220193000
1;88062;179;left;161281000
1;88062;179;right;225878000
---------------------
<--------> Query: 13 <-------->
Time intersections: 531534
-----T-----
309, 1569, 374181, 
-----S-----
45823, 1937, 2886609, 
-----L-----
148.294, 184.311, 1429.57, 
-----R-----
0.0129136, 0.915015, 0.129626, 
Weight of i=0: 17.5909
Weight of i=1: 0
Weight of i=2: 5.35294e+08
Selectivity: 1-th mandatory pred by intersecting 
Startitng with subquery: left
Source
0;1239254;45823;left;12288414000
1;1239254;1937;left;1146602000
1;1239254;1937;right;1990117000
2;1239254;2886609;left;35000798000
2;0;2886609;right;600157433000
Target
0;1239254;309;left;1131443000
0;1239254;309;right;1281712000
1;1239254;1569;left;1170290000
1;1239254;1569;right;1817277000
2;1239254;374181;left;177941349000
Intersection
0;1239254;244;left;1118846000
0;1239254;244;right;1280578000
1;1239254;1569;left;1170390000
1;1239254;1569;right;1837142000
---------------------
<--------> Query: 14 <-------->
Time intersections: 1675405
-----T-----
309, 1569, 7043, 
-----S-----
45823, 1937, 2330, 
-----L-----
148.294, 184.311, 61.3054, 
-----R-----
0.0287164, 3.25849, 3.02275, 
Weight of i=0: 369.802
Weight of i=1: 564.17
Weight of i=2: 1.31452e+06
Selectivity: 0-th mandatory pred by intersecting 
Startitng with subquery: right
Source
0;12249;45823;left;5639607000
1;12249;1937;left;276440000
1;12249;1937;right;132808000
2;12249;2330;left;67265000
2;12249;2330;right;442505000
Target
0;12249;309;left;269618000
0;12249;309;right;36825000
1;12249;1569;left;332462000
1;12249;1569;right;81928000
2;12249;7043;left;790268000
Intersection
0;12249;244;left;252958000
0;12249;244;right;36407000
1;12249;41;left;28907000
1;12249;41;right;39679000
---------------------
<--------> Query: 15 <-------->
Time intersections: 463837
-----T-----
309, 124, 374181, 
-----S-----
45823, 131, 2886609, 
-----L-----
148.294, 157.722, 1224.46, 
-----R-----
0.0139538, 1.06926, 0.129626, 
Weight of i=0: 2364.97
Weight of i=1: 0
Weight of i=2: 4.58544e+08
Selectivity: 1-th mandatory pred by intersecting 
Startitng with subquery: left
Source
0;2021352;45823;left;37757737000
1;2021352;131;left;1846378000
1;2021352;131;right;1933051000
2;2021352;2886609;left;35216769000
2;0;2886609;right;600157919000
Target
0;2021352;309;left;1970924000
0;2021352;309;right;1868336000
1;2021352;124;left;4273623000
1;2021352;124;right;4370600000
2;2021352;374181;left;190510675000
Intersection
0;2021352;121;left;1845669000
0;2021352;121;right;1865569000
1;2021352;124;left;4279216000
1;2021352;124;right;4392477000
---------------------
<--------> Query: 16 <-------->
Time intersections: 538300
-----T-----
309, 124, 1569, 
-----S-----
45823, 131, 1937, 
-----L-----
148.294, 157.722, 195.95, 
-----R-----
0.0182967, 1.7133, 0.810015, 
Weight of i=0: 13593.1
Weight of i=1: 0
Weight of i=2: 309014
Selectivity: 1-th mandatory pred by intersecting 
Startitng with subquery: left
Source
0;369903;45823;left;7554742000
1;369903;131;left;361833000
1;369903;131;right;438709000
2;369903;1937;left;1664240000
2;369903;1937;right;2000689000
Target
0;369903;309;left;490351000
0;369903;309;right;437091000
1;369903;124;left;1785974000
1;369903;124;right;1752879000
2;369903;1569;left;1542847000
Intersection
0;369903;121;left;361848000
0;369903;121;right;431314000
1;369903;118;left;1625444000
1;369903;118;right;1753998000
---------------------
<--------> Query: 17 <-------->
Time intersections: 83855
-----T-----
309, 374181, 7, 
-----S-----
45823, 2886609, 7, 
-----L-----
148.294, 1151.73, 1152.73, 
-----R-----
0.00849157, 0.259253, 1, 
Weight of i=0: 0
Weight of i=1: 8083.1
Weight of i=2: 8076.1
Selectivity: 0-th mandatory pred by intersecting 
Startitng with subquery: left
Source
0;320761;45823;left;13704952000
1;320761;2886609;left;32323253000
1;0;2886609;right;600053964000
2;320761;7;left;4547445000
2;320761;7;right;4566807000
Target
0;320761;309;left;497333000
0;320761;309;right;602808000
1;320761;374181;left;149665308000
1;320761;374181;right;12290213000
2;320761;7;left;15642853000
Intersection
0;320761;309;left;492154000
0;320761;309;right;607531000
1;320761;7;left;4536277000
1;320761;7;right;4565088000
---------------------
<--------> Query: 18 <-------->
Time intersections: 7292459
-----T-----
59245, 1569, 215426, 
-----S-----
668010, 1937, 68283, 
-----L-----
11.2754, 15.1545, 5.12045, 
-----R-----
0.387174, 3.36553, 3.1549, 
Weight of i=0: 33055.3
Weight of i=1: 937.052
Weight of i=2: 3.76381e+06
Selectivity: 1-th mandatory pred by intersecting 
Startitng with subquery: right
Source
0;1719;668010;left;112863523000
1;1719;1937;left;1078591000
1;1719;1937;right;255410000
2;1719;68283;left;1756321000
2;1719;68283;right;13861243000
Target
0;1719;59245;left;14884690000
0;1719;59245;right;1446749000
1;1719;1569;left;1480506000
1;1719;1569;right;51843000
2;1719;215426;left;29578078000
Intersection
0;1719;940;left;1074593000
0;1719;940;right;129988000
1;1719;1;left;11588000
1;1719;1;right;11404000
---------------------
<--------> Query: 19 <-------->
Time intersections: 6574376
-----T-----
59245, 1569, 24426, 
-----S-----
668010, 1937, 8331, 
-----L-----
11.2754, 15.1545, 5.50983, 
-----R-----
0.371157, 3.18493, 2.93194, 
Weight of i=0: 30837.6
Weight of i=1: 51.296
Weight of i=2: 427347
Selectivity: 1-th mandatory pred by intersecting 
Startitng with subquery: right
Source
0;681074;668010;left;67648663000
1;681074;1937;left;1404192000
1;681074;1937;right;992787000
2;681074;8331;left;850129000
2;681074;8331;right;1685876000
Target
0;681074;59245;left;15405376000
0;681074;59245;right;1600088000
1;681074;1569;left;1715734000
1;681074;1569;right;858388000
2;681074;24426;left;2664451000
Intersection
0;681074;940;left;1403700000
0;681074;940;right;935115000
1;681074;179;left;747455000
1;681074;179;right;842905000
---------------------
<--------> Query: 20 <-------->
Time intersections: 5292928
-----T-----
59245, 1569, 374181, 
-----S-----
668010, 1937, 2886609, 
-----L-----
11.2754, 15.1545, 124.623, 
-----R-----
0.16984, 0.915015, 0.129626, 
Weight of i=0: 2963.63
Weight of i=1: 0
Weight of i=2: 4.70059e+07
Selectivity: 1-th mandatory pred by intersecting 
Startitng with subquery: left
Source
0;9247431;668010;left;210192171000
1;9247431;1937;left;7949682000
1;9247431;1937;right;9505839000
2;9247431;2886609;left;78444029000
2;0;2886609;right;600158367000
Target
0;9247431;59245;left;21986373000
0;9247431;59245;right;10604939000
1;9247431;1569;left;8037434000
1;9247431;1569;right;8957918000
2;9247431;374181;left;237055674000
Intersection
0;9247431;940;left;7948311000
0;9247431;940;right;8916511000
1;9247431;1569;left;8043639000
1;9247431;1569;right;8959965000
---------------------
<--------> Query: 21 <-------->
Time intersections: 560053
-----T-----
59245, 124, 1569, 
-----S-----
668010, 131, 1937, 
-----L-----
11.2754, 12.9683, 17.2445, 
-----R-----
0.240639, 1.7133, 0.810015, 
Weight of i=0: 1491.4
Weight of i=1: 0
Weight of i=2: 28625.7
Selectivity: 1-th mandatory pred by intersecting 
Startitng with subquery: left
Source
0;4450339;668010;left;157097339000
1;4450339;131;left;4218710000
1;4450339;131;right;3700329000
2;4450339;1937;left;9365587000
2;4450339;1937;right;9564590000
Target
0;4450339;59245;left;19312265000
0;4450339;59245;right;5313904000
1;4450339;124;left;9910552000
1;4450339;124;right;9277024000
2;4450339;1569;left;6108332000
Intersection
0;4450339;131;left;4227928000
0;4450339;131;right;3697097000
1;4450339;118;left;9313762000
1;4450339;118;right;9265857000
---------------------
<--------> Query: 22 <-------->
Time intersections: 98480
-----T-----
59245, 374181, 7, 
-----S-----
668010, 2886609, 7, 
-----L-----
11.2754, 94.6981, 95.6981, 
-----R-----
0.111682, 0.259253, 1, 
Weight of i=0: 0
Weight of i=1: 683.887
Weight of i=2: 676.887
Selectivity: 0-th mandatory pred by intersecting 
Startitng with subquery: left
Source
0;4676070;668010;left;333938722000
1;4676070;2886609;left;104774957000
1;0;2886609;right;600053144000
2;4676070;7;left;11443721000
2;4676070;7;right;13537212000
Target
0;4676070;59245;left;35408686000
0;4676070;59245;right;38869900000
1;4676070;374181;left;285386843000
1;4676070;374181;right;23024359000
2;4676070;7;left;26922333000
Intersection
0;4676070;59245;left;35545756000
0;4676070;59245;right;38990073000
1;4676070;7;left;11390061000
1;4676070;7;right;13538936000
---------------------
<--------> Query: 23 <-------->
Time intersections: 3282312
-----T-----
50, 1569, 215426, 
-----S-----
3714, 1937, 68283, 
-----L-----
74.28, 92.9365, 29.7748, 
-----R-----
0.0587713, 3.36553, 3.1549, 
Weight of i=0: 0
Weight of i=1: 5108.76
Weight of i=2: 2.05201e+07
Selectivity: 0-th mandatory pred by intersecting 
Startitng with subquery: left
Source
0;90;3714;left;534117000
1;90;1937;left;90916000
1;90;1937;right;266553000
2;90;68283;left;1782695000
2;90;68283;right;14513484000
Target
0;90;50;left;36928000
0;90;50;right;6328000
1;90;1569;left;141345000
1;90;1569;right;46911000
2;90;215426;left;30366787000
Intersection
0;90;30;left;24001000
0;90;30;right;5809000
1;90;1;left;4783000
1;90;1;right;4049000
---------------------
<--------> Query: 24 <-------->
Time intersections: 2026159
-----T-----
50, 1569, 24426, 
-----S-----
3714, 1937, 8331, 
-----L-----
74.28, 92.9365, 32.039, 
-----R-----
0.05634, 3.18493, 2.93194, 
Weight of i=0: 0
Weight of i=1: 279.348
Weight of i=2: 2.32725e+06
Selectivity: 0-th mandatory pred by intersecting 
Startitng with subquery: left
Source
0;2794;3714;left;349228000
1;2794;1937;left;56103000
1;2794;1937;right;142657000
2;2794;8331;left;281770000
2;2794;8331;right;1700051000
Target
0;2794;50;left;37982000
0;2794;50;right;18077000
1;2794;1569;left;143027000
1;2794;1569;right;56962000
2;2794;24426;left;3442864000
Intersection
0;2794;30;left;25405000
0;2794;30;right;17980000
1;2794;179;left;47150000
1;2794;179;right;66826000
---------------------
<--------> Query: 25 <-------->
Time intersections: 169362
-----T-----
50, 1569, 374181, 
-----S-----
3714, 1937, 2886609, 
-----L-----
74.28, 92.9365, 724.67, 
-----R-----
0.025781, 0.915015, 0.129626, 
Weight of i=0: 0
Weight of i=1: 0
Weight of i=2: 2.71532e+08
Selectivity: 0-th mandatory pred by intersecting 
Startitng with subquery: left
Source
0;58029;3714;left;586606000
1;58029;1937;left;114183000
1;58029;1937;right;849495000
2;58029;2886609;left;31375687000
2;0;2886609;right;600151128000
Target
0;58029;50;left;59213000
0;58029;50;right;43316000
1;58029;1569;left;160372000
1;58029;1569;right;432566000
2;58029;374181;left;229863354000
Intersection
0;58029;30;left;41236000
0;58029;30;right;42592000
1;58029;1569;left;163863000
1;58029;1569;right;436586000
---------------------
<--------> Query: 26 <-------->
Time intersections: 1351131
-----T-----
50, 1569, 7043, 
-----S-----
3714, 1937, 2330, 
-----L-----
74.28, 92.9365, 31.0765, 
-----R-----
0.0573302, 3.25849, 3.02275, 
Weight of i=0: 0
Weight of i=1: 287.969
Weight of i=2: 670968
Selectivity: 0-th mandatory pred by intersecting 
Startitng with subquery: left
Source
0;0;3714;left;528705000
1;0;1937;left;54772000
1;0;1937;right;267396000
2;0;2330;left;70064000
2;0;2330;right;452995000
Target
0;0;50;left;36968000
0;0;50;right;4616000
1;0;1569;left;141824000
1;0;1569;right;56187000
2;0;7043;left;1044239000
Intersection
0;0;30;left;24374000
0;0;30;right;4247000
1;0;41;left;8549000
1;0;41;right;7604000
---------------------
<--------> Query: 27 <-------->
Time intersections: 82768
-----T-----
50, 374181, 7, 
-----S-----
3714, 2886609, 7, 
-----L-----
74.28, 580.745, 581.745, 
-----R-----
0.0169528, 0.259253, 1, 
Weight of i=0: 0
Weight of i=1: 4086.22
Weight of i=2: 4079.22
Selectivity: 0-th mandatory pred by intersecting 
Startitng with subquery: left
Source
0;25998;3714;left;750089000
1;25998;2886609;left;31142117000
1;0;2886609;right;600051471000
2;25998;7;left;3793742000
2;25998;7;right;3795014000
Target
0;25998;50;left;50524000
0;25998;50;right;77906000
1;25998;374181;left;230515282000
1;25998;374181;right;13136488000
2;25998;7;left;13991742000
Intersection
0;25998;50;left;50719000
0;25998;50;right;78526000
1;25998;7;left;3791960000
1;25998;7;right;3794175000
---------------------
<--------> Query: 28 <-------->
Time intersections: 22794949
-----T-----
19447, 374181, 7, 
-----S-----
5066884, 2886609, 7, 
-----L-----
260.548, 2017.71, 2018.71, 
-----R-----
0.00483309, 0.259253, 1, 
Weight of i=0: 304370
Weight of i=1: 14145
Weight of i=2: 14138
Selectivity: 2-th mandatory pred by target
Startitng with subquery: left
Source
0;0;5066884;left;609751680000
1;0;2886609;left;31523386000
1;0;2886609;right;600055021000
2;0;7;left;3806098000
2;0;7;right;3757880000
Target
0;0;19447;left;11109715000
0;0;19447;right;493275000
1;0;374181;left;218720340000
1;0;374181;right;13192853000
2;0;7;left;13916276000
Intersection
0;0;1;left;987000
0;0;1;right;377000
1;0;7;left;3758529000
1;0;7;right;3757592000
---------------------
<--------> Query: 29 <-------->
Time intersections: 6324158
-----T-----
13385, 1569, 215426, 
-----S-----
189092, 1937, 68283, 
-----L-----
14.1272, 18.6751, 6.23638, 
-----R-----
0.309017, 3.36553, 3.1549, 
Weight of i=0: 25512.8
Weight of i=1: 1125.88
Weight of i=2: 4.52225e+06
Selectivity: 1-th mandatory pred by intersecting 
Startitng with subquery: right
Source
0;0;189092;left;23508782000
1;0;1937;left;34161000
1;0;1937;right;249410000
2;0;68283;left;1750004000
2;0;68283;right;13901649000
Target
0;0;13385;left;2982775000
0;0;13385;right;367718000
1;0;1569;left;103706000
1;0;1569;right;43793000
2;0;215426;left;29720253000
Intersection
0;0;5;left;8618000
0;0;5;right;3533000
1;0;1;left;3108000
1;0;1;right;2518000
---------------------
<--------> Query: 30 <-------->
Time intersections: 5570276
-----T-----
13385, 1569, 24426, 
-----S-----
189092, 1937, 8331, 
-----L-----
14.1272, 18.6751, 6.71062, 
-----R-----
0.296233, 3.18493, 2.93194, 
Weight of i=0: 23785.6
Weight of i=1: 61.6183
Weight of i=2: 513342
Selectivity: 1-th mandatory pred by intersecting 
Startitng with subquery: right
Source
0;0;189092;left;23585971000
1;0;1937;left;34258000
1;0;1937;right;280434000
2;0;8331;left;246944000
2;0;8331;right;1617597000
Target
0;0;13385;left;2981768000
0;0;13385;right;368940000
1;0;1569;left;104141000
1;0;1569;right;91010000
2;0;24426;left;3380576000
Intersection
0;0;5;left;8421000
0;0;5;right;3640000
1;0;179;left;29213000
1;0;179;right;28805000
---------------------
<--------> Query: 31 <-------->
Time intersections: 4134491
-----T-----
13385, 1569, 374181, 
-----S-----
189092, 1937, 2886609, 
-----L-----
14.1272, 18.6751, 151.783, 
-----R-----
0.135556, 0.915015, 0.129626, 
Weight of i=0: 2077.49
Weight of i=1: 0
Weight of i=2: 5.71686e+07
Selectivity: 1-th mandatory pred by intersecting 
Startitng with subquery: left
Source
0;5305;189092;left;23734247000
1;5305;1937;left;35791000
1;5305;1937;right;767201000
2;5305;2886609;left;31195437000
2;0;2886609;right;600158897000
Target
0;5305;13385;left;2983681000
0;5305;13385;right;175470000
1;5305;1569;left;105144000
1;5305;1569;right;579539000
2;5305;374181;left;220699267000
Intersection
0;5305;5;left;9656000
0;5305;5;right;10910000
1;5305;1569;left;107854000
1;5305;1569;right;587044000
---------------------
<--------> Query: 32 <-------->
Time intersections: 4929227
-----T-----
13385, 1569, 7043, 
-----S-----
189092, 1937, 2330, 
-----L-----
14.1272, 18.6751, 6.50903, 
-----R-----
0.30144, 3.25849, 3.02275, 
Weight of i=0: 24489.1
Weight of i=1: 63.4957
Weight of i=2: 147945
Selectivity: 1-th mandatory pred by intersecting 
Startitng with subquery: right
Source
0;0;189092;left;23503728000
1;0;1937;left;34191000
1;0;1937;right;256399000
2;0;2330;left;68025000
2;0;2330;right;444990000
Target
0;0;13385;left;2983711000
0;0;13385;right;367193000
1;0;1569;left;103978000
1;0;1569;right;54640000
2;0;7043;left;1048808000
Intersection
0;0;5;left;8206000
0;0;5;right;3586000
1;0;41;left;8145000
1;0;41;right;7350000
---------------------
<--------> Query: 33 <-------->
Time intersections: 261655
-----T-----
13385, 124, 374181, 
-----S-----
189092, 131, 2886609, 
-----L-----
14.1272, 15.9811, 131, 
-----R-----
0.146474, 1.06926, 0.129626, 
Weight of i=0: 7.85073
Weight of i=1: 0
Weight of i=2: 4.9392e+07
Selectivity: 1-th mandatory pred by intersecting 
Startitng with subquery: left
Source
0;170494;189092;left;16542622000
1;170494;131;left;74096000
1;170494;131;right;411425000
2;170494;2886609;left;31612838000
2;0;2886609;right;600160736000
Target
0;170494;13385;left;3046223000
0;170494;13385;right;232473000
1;170494;124;left;281809000
1;170494;124;right;355828000
2;170494;374181;left;191519089000
Intersection
0;170494;3;left;69401000
0;170494;3;right;67531000
1;170494;124;left;276636000
1;170494;124;right;354715000
---------------------
<--------> Query: 34 <-------->
Time intersections: 334404
-----T-----
13385, 124, 1569, 
-----S-----
189092, 131, 1937, 
-----L-----
14.1272, 15.9811, 20.9639, 
-----R-----
0.192062, 1.7133, 0.810015, 
Weight of i=0: 28.6236
Weight of i=1: 0
Weight of i=2: 34461.4
Selectivity: 1-th mandatory pred by intersecting 
Startitng with subquery: left
Source
0;31150;189092;left;24018628000
1;31150;131;left;20342000
1;31150;131;right;94988000
2;31150;1937;left;194933000
2;31150;1937;right;514145000
Target
0;31150;13385;left;2988744000
0;31150;13385;right;184477000
1;31150;124;left;189043000
1;31150;124;right;234137000
2;31150;1569;left;244579000
Intersection
0;31150;3;left;17152000
0;31150;3;right;17957000
1;31150;118;left;171654000
1;31150;118;right;234696000
---------------------
<--------> Query: 35 <-------->
Time intersections: 84657
-----T-----
13385, 374181, 7, 
-----S-----
189092, 2886609, 7, 
-----L-----
14.1272, 116.698, 117.698, 
-----R-----
0.089137, 0.259253, 1, 
Weight of i=0: 0
Weight of i=1: 837.886
Weight of i=2: 830.886
Selectivity: 0-th mandatory pred by intersecting 
Startitng with subquery: left
Source
0;1323644;189092;left;54454367000
1;1323644;2886609;left;39868976000
1;0;2886609;right;600055247000
2;1323644;7;left;6577537000
2;1323644;7;right;6784518000
Target
0;1323644;13385;left;7790513000
0;1323644;13385;right;10271324000
1;1323644;374181;left;252876040000
1;1323644;374181;right;16207002000
2;1323644;7;left;19590679000
Intersection
0;1323644;13385;left;7898036000
0;1323644;13385;right;10279568000
1;1323644;7;left;6531135000
1;1323644;7;right;6782788000
---------------------
<--------> Query: 36 <-------->
Time intersections: 31099200
-----T-----
215426, 12800, 22596, 
-----S-----
68283, 10758, 22594, 
-----L-----
0.316967, 1.10687, 2.10668, 
-----R-----
10.6627, 2.37973, 1.00009, 
Weight of i=0: 367.788
Weight of i=1: 11173.8
Weight of i=2: 59641.3
Selectivity: 0-th mandatory pred by intersecting 
Startitng with subquery: left
Source
0;3451;68283;left;12074069000
1;3451;10758;left;379040000
1;3451;10758;right;20882705000
2;3451;22594;left;8811529000
2;3451;22594;right;13109409000
Target
0;3451;215426;left;34416196000
0;3451;215426;right;5521540000
1;3451;12800;left;14390499000
1;3451;12800;right;9082321000
2;3451;22596;left;16198724000
Intersection
0;3451;119;left;99340000
0;3451;119;right;92603000
1;3451;4232;left;8257262000
1;3451;4232;right;8842220000
---------------------
<--------> Query: 37 <-------->
Time intersections: 16719556
-----T-----
215426, 9153, 22596, 
-----S-----
68283, 8056, 22594, 
-----L-----
0.316967, 1.15913, 2.15894, 
-----R-----
10.3242, 2.27244, 1.00009, 
Weight of i=0: 54.1472
Weight of i=1: 1396.59
Weight of i=2: 61390.3
Selectivity: 0-th mandatory pred by intersecting 
Startitng with subquery: left
Source
0;3027;68283;left;12299782000
1;3027;8056;left;384472000
1;3027;8056;right;35738479000
2;3027;22594;left;4249178000
2;3027;22594;right;8943222000
Target
0;3027;215426;left;35228823000
0;3027;215426;right;5667845000
1;3027;9153;left;51034440000
1;3027;9153;right;3907974000
2;3027;22596;left;13470722000
Intersection
0;3027;27;left;160330000
0;3027;27;right;157624000
1;3027;513;left;3621800000
1;3027;513;right;3671773000
---------------------
<--------> Query: 38 <-------->
Time intersections: 14307655
-----T-----
215426, 9153, 12800, 
-----S-----
68283, 8056, 10758, 
-----L-----
0.316967, 1.15913, 1.81468, 
-----R-----
11.0043, 2.488, 1.18981, 
Weight of i=0: 55.7187
Weight of i=1: 371.185
Weight of i=2: 29800.1
Selectivity: 0-th mandatory pred by intersecting 
Startitng with subquery: left
Source
0;548;68283;left;12829021000
1;548;8056;left;363962000
1;548;8056;right;32037711000
2;548;10758;left;1505331000
2;548;10758;right;14101636000
Target
0;548;215426;left;35222525000
0;548;215426;right;5463618000
1;548;9153;left;51000873000
1;548;9153;right;1482142000
2;548;12800;left;16946536000
Intersection
0;548;27;left;139085000
0;548;27;right;136245000
1;548;197;left;1204543000
1;548;197;right;1239780000
---------------------
<--------> Query: 39 <-------->
Time intersections: 40073789
-----T-----
215426, 22596, 12800, 
-----S-----
68283, 22594, 10758, 
-----L-----
0.316967, 1.31685, 1.94724, 
-----R-----
10.0641, 2.19001, 1.18981, 
Weight of i=0: 458.635
Weight of i=1: 12745.1
Weight of i=2: 32391.1
Selectivity: 0-th mandatory pred by intersecting 
Startitng with subquery: left
Source
0;3648;68283;left;12758003000
1;3648;22594;left;758212000
1;3648;22594;right;16575590000
2;3648;10758;left;1270620000
2;3648;10758;right;13541365000
Target
0;3648;215426;left;35203768000
0;3648;215426;right;5641209000
1;3648;22596;left;4929143000
1;3648;22596;right;10116656000
2;3648;12800;left;23128389000
Intersection
0;3648;197;left;143939000
0;3648;197;right;135450000
1;3648;4729;left;1103927000
1;3648;4729;right;9626783000
---------------------
<--------> Query: 40 <-------->
Time intersections: 13661813
-----T-----
12800, 9153, 22596, 
-----S-----
10758, 8056, 22594, 
-----L-----
0.840469, 1.61989, 2.61965, 
-----R-----
3.89359, 2.27244, 1.00009, 
Weight of i=0: 615.175
Weight of i=1: 2107.11
Weight of i=2: 92622.4
Selectivity: 0-th mandatory pred by intersecting 
Startitng with subquery: left
Source
0;20908;10758;left;2556946000
1;20908;8056;left;1014515000
1;20908;8056;right;35744891000
2;20908;22594;left;4270157000
2;20908;22594;right;8959277000
Target
0;20908;12800;left;2964790000
0;20908;12800;right;1126529000
1;20908;9153;left;51216707000
1;20908;9153;right;3922746000
2;20908;22596;left;13455950000
Intersection
0;20908;140;left;792437000
0;20908;140;right;774788000
1;20908;513;left;3653617000
1;20908;513;right;3687465000
---------------------
<--------> Query: 41 <-------->
Time intersections: 10840801
-----T-----
12800, 9153, 12800, 
-----S-----
10758, 8056, 10758, 
-----L-----
0.840469, 1.61989, 2.20193, 
-----R-----
4.15007, 2.488, 1.18981, 
Weight of i=0: 639.452
Weight of i=1: 568.129
Weight of i=2: 45611.5
Selectivity: 1-th mandatory pred by intersecting 
Startitng with subquery: left
Source
0;6716;10758;left;2459251000
1;6716;8056;left;921920000
1;6716;8056;right;32066946000
2;6716;10758;left;1523378000
2;6716;10758;right;14062675000
Target
0;6716;12800;left;2874912000
0;6716;12800;right;1038225000
1;6716;9153;left;51119125000
1;6716;9153;right;1490766000
2;6716;12800;left;16891067000
Intersection
0;6716;140;left;700099000
0;6716;140;right;685564000
1;6716;197;left;1222676000
1;6716;197;right;1242569000
---------------------
<--------> Query: 42 <-------->
Time intersections: 35739036
-----T-----
12800, 22596, 12800, 
-----S-----
10758, 22594, 10758, 
-----L-----
0.840469, 1.84031, 2.38719, 
-----R-----
3.79551, 2.19001, 1.18981, 
Weight of i=0: 19139.8
Weight of i=1: 19813
Weight of i=2: 50354
Selectivity: 0-th mandatory pred by intersecting 
Startitng with subquery: left
Source
0;1640425;10758;left;11785127000
1;1640425;22594;left;12378009000
1;1640425;22594;right;18240634000
2;1640425;10758;left;12276538000
2;1640425;10758;right;16114235000
Target
0;1640425;12800;left;13294931000
0;1640425;12800;right;11489357000
1;1640425;22596;left;16223346000
1;1640425;22596;right;12606973000
2;1640425;12800;left;27868831000
Intersection
0;1640425;4232;left;11888062000
0;1640425;4232;right;11247114000
1;1640425;4729;left;12127117000
1;1640425;4729;right;12128326000
---------------------
<--------> Query: 43 <-------->
Time intersections: 49339783
-----T-----
12800, 12800, 22596, 
-----S-----
10758, 10758, 22594, 
-----L-----
0.840469, 1.54686, 2.54663, 
-----R-----
4.02124, 2.37973, 1.00009, 
Weight of i=0: 59917.1
Weight of i=1: 16761.4
Weight of i=2: 89465.3
Selectivity: 1-th mandatory pred by intersecting 
Startitng with subquery: left
Source
0;1539124;10758;left;19583269000
1;1539124;10758;left;17671953000
1;1539124;10758;right;22780236000
2;1539124;22594;left;10335328000
2;1539124;22594;right;14707081000
Target
0;1539124;12800;left;18896203000
0;1539124;12800;right;17174511000
1;1539124;12800;left;16047426000
1;1539124;12800;right;10551724000
2;1539124;22596;left;13842557000
Intersection
0;1539124;4138;left;17466432000
0;1539124;4138;right;16960779000
1;1539124;4232;left;9828891000
1;1539124;4232;right;10338734000
---------------------
<--------> Query: 44 <-------->
Time intersections: 23786463
-----T-----
9153, 12800, 22596, 
-----S-----
8056, 10758, 22594, 
-----L-----
0.880149, 1.58021, 2.57998, 
-----R-----
3.83995, 2.37973, 1.00009, 
Weight of i=0: 650.545
Weight of i=1: 17184.9
Weight of i=2: 91725.9
Selectivity: 0-th mandatory pred by intersecting 
Startitng with subquery: left
Source
0;2424;8056;left;1427799000
1;2424;10758;left;406359000
1;2424;10758;right;21164288000
2;2424;22594;left;8736549000
2;2424;22594;right;13274872000
Target
0;2424;9153;left;1897532000
0;2424;9153;right;321476000
1;2424;12800;left;14399100000
1;2424;12800;right;9139012000
2;2424;22596;left;16350583000
Intersection
0;2424;197;left;106044000
0;2424;197;right;76812000
1;2424;4232;left;8223902000
1;2424;4232;right;8908583000
---------------------
<--------> Query: 45 <-------->
Time intersections: 26147026
-----T-----
9153, 22596, 12800, 
-----S-----
8056, 22594, 10758, 
-----L-----
0.880149, 1.87998, 2.42054, 
-----R-----
3.62439, 2.19001, 1.18981, 
Weight of i=0: 2409.54
Weight of i=1: 20348.8
Weight of i=2: 51715.6
Selectivity: 0-th mandatory pred by intersecting 
Startitng with subquery: left
Source
0;3064;8056;left;1481215000
1;3064;22594;left;855701000
1;3064;22594;right;16556309000
2;3064;10758;left;1270868000
2;3064;10758;right;13430014000
Target
0;3064;9153;left;1958542000
0;3064;9153;right;399298000
1;3064;22596;left;4995204000
1;3064;22596;right;10021428000
2;3064;12800;left;22932430000
Intersection
0;3064;513;left;235998000
0;3064;513;right;165481000
1;3064;4729;left;1105416000
1;3064;4729;right;9553845000
---------------------
<--------> Query: 46 <-------->
Time intersections: 27874550
-----T-----
9153, 9153, 22596, 
-----S-----
8056, 8056, 22594, 
-----L-----
0.880149, 1.65481, 2.65458, 
-----R-----
3.71806, 2.27244, 1.00009, 
Weight of i=0: 43571.8
Weight of i=1: 2160.96
Weight of i=2: 94989.7
Selectivity: 1-th mandatory pred by intersecting 
Startitng with subquery: left
Source
0;812005;8056;left;33811046000
1;812005;8056;left;22433084000
1;812005;8056;right;34856446000
2;812005;22594;left;4690801000
2;812005;22594;right;6434788000
Target
0;812005;9153;left;23371390000
0;812005;9153;right;20599157000
1;812005;9153;left;50437628000
1;812005;9153;right;3923503000
2;812005;22596;left;10163489000
Intersection
0;812005;3241;left;22270433000
0;812005;3241;right;20491136000
1;812005;513;left;4075829000
1;812005;513;right;3855148000
---------------------
<--------> Query: 47 <-------->
Time intersections: 25553687
-----T-----
9153, 9153, 12800, 
-----S-----
8056, 8056, 10758, 
-----L-----
0.880149, 1.65481, 2.23128, 
-----R-----
3.96297, 2.488, 1.18981, 
Weight of i=0: 45308.4
Weight of i=1: 583.057
Weight of i=2: 46809.9
Selectivity: 1-th mandatory pred by intersecting 
Startitng with subquery: left
Source
0;252933;8056;left;30708415000
1;252933;8056;left;19441328000
1;252933;8056;right;32382936000
2;252933;10758;left;1602654000
2;252933;10758;right;14258640000
Target
0;252933;9153;left;20425631000
0;252933;9153;right;18939780000
1;252933;9153;left;49883089000
1;252933;9153;right;1309292000
2;252933;12800;left;14620250000
Intersection
0;252933;3241;left;19298936000
0;252933;3241;right;18785914000
1;252933;197;left;1301527000
1;252933;197;right;1349779000
---------------------
<--------> Query: 48 <-------->
Time intersections: 19277759
-----T-----
437, 12800, 22596, 
-----S-----
321, 10758, 22594, 
-----L-----
0.734554, 1.45784, 2.45762, 
-----R-----
4.60107, 2.37973, 1.00009, 
Weight of i=0: 8.43429
Weight of i=1: 15630.9
Weight of i=2: 83431.3
Selectivity: 0-th mandatory pred by intersecting 
Startitng with subquery: left
Source
0;14;321;left;50074000
1;14;10758;left;302507000
1;14;10758;right;21186679000
2;14;22594;left;8541478000
2;14;22594;right;13348185000
Target
0;14;437;left;71709000
0;14;437;right;12539000
1;14;12800;left;14211934000
1;14;12800;right;9203385000
2;14;22596;left;16428905000
Intersection
0;14;2;left;2194000
0;14;2;right;1599000
1;14;4232;left;8038034000
1;14;4232;right;8969245000
---------------------
<--------> Query: 49 <-------->
Time intersections: 19357053
-----T-----
437, 22596, 12800, 
-----S-----
321, 22594, 10758, 
-----L-----
0.734554, 1.7344, 2.29818, 
-----R-----
4.34278, 2.19001, 1.18981, 
Weight of i=0: 4.07778
Weight of i=1: 18383
Weight of i=2: 46719.8
Selectivity: 0-th mandatory pred by intersecting 
Startitng with subquery: left
Source
0;29;321;left;49275000
1;29;22594;left;617076000
1;29;22594;right;16606842000
2;29;10758;left;1201826000
2;29;10758;right;14030898000
Target
0;29;437;left;72751000
0;29;437;right;12338000
1;29;22596;left;4834441000
1;29;22596;right;10562741000
2;29;12800;left;22759368000
Intersection
0;29;1;left;1919000
0;29;1;right;1441000
1;29;4729;left;1031421000
1;29;4729;right;10076974000
---------------------
<--------> Query: 50 <-------->
Time intersections: 9378796
-----T-----
437, 9153, 22596, 
-----S-----
321, 8056, 22594, 
-----L-----
0.734554, 1.52667, 2.52644, 
-----R-----
4.45501, 2.27244, 1.00009, 
Weight of i=0: 66.2134
Weight of i=1: 1963.35
Weight of i=2: 86303.5
Selectivity: 0-th mandatory pred by intersecting 
Startitng with subquery: left
Source
0;8224;321;left;421838000
1;8224;8056;left;663253000
1;8224;8056;right;35723574000
2;8224;22594;left;4285323000
2;8224;22594;right;8979884000
Target
0;8224;437;left;506016000
0;8224;437;right;445943000
1;8224;9153;left;51615494000
1;8224;9153;right;3937363000
2;8224;22596;left;13524551000
Intersection
0;8224;18;left;438655000
0;8224;18;right;435353000
1;8224;513;left;3665849000
1;8224;513;right;3700016000
---------------------
<--------> Query: 51 <-------->
Time intersections: 6833925
-----T-----
437, 9153, 12800, 
-----S-----
321, 8056, 10758, 
-----L-----
0.734554, 1.52667, 2.12358, 
-----R-----
4.74847, 2.488, 1.18981, 
Weight of i=0: 68.7469
Weight of i=1: 528.284
Weight of i=2: 42412.5
Selectivity: 0-th mandatory pred by intersecting 
Startitng with subquery: left
Source
0;3917;321;left;394232000
1;3917;8056;left;626966000
1;3917;8056;right;32011120000
2;3917;10758;left;1529545000
2;3917;10758;right;14085963000
Target
0;3917;437;left;470567000
0;3917;437;right;412524000
1;3917;9153;left;51615402000
1;3917;9153;right;1498201000
2;3917;12800;left;16965812000
Intersection
0;3917;18;left;403086000
0;3917;18;right;401334000
1;3917;197;left;1233191000
1;3917;197;right;1256082000
---------------------
<--------> Query: 52 <-------->
Time intersections: 15724963
-----T-----
22596, 9153, 22596, 
-----S-----
22594, 8056, 22594, 
-----L-----
0.999911, 1.76022, 2.75997, 
-----R-----
3.27273, 2.27244, 1.00009, 
Weight of i=0: 2709.84
Weight of i=1: 2323.51
Weight of i=2: 102135
Selectivity: 1-th mandatory pred by intersecting 
Startitng with subquery: left
Source
0;59204;22594;left;5559167000
1;59204;8056;left;1978802000
1;59204;8056;right;35844613000
2;59204;22594;left;4355382000
2;59204;22594;right;9033535000
Target
0;59204;22596;left;5330766000
0;59204;22596;right;2324864000
1;59204;9153;left;52071457000
1;59204;9153;right;3983932000
2;59204;22596;left;13576557000
Intersection
0;59204;545;left;1764601000
0;59204;545;right;1708792000
1;59204;513;left;3728923000
1;59204;513;right;3770998000
---------------------
<--------> Query: 53 <-------->
Time intersections: 13580700
-----T-----
22596, 9153, 12800, 
-----S-----
22594, 8056, 10758, 
-----L-----
0.999911, 1.76022, 2.31988, 
-----R-----
3.48831, 2.488, 1.18981, 
Weight of i=0: 2820.63
Weight of i=1: 628.113
Weight of i=2: 50427.1
Selectivity: 1-th mandatory pred by intersecting 
Startitng with subquery: left
Source
0;17986;22594;left;5270352000
1;17986;8056;left;1723806000
1;17986;8056;right;32019382000
2;17986;10758;left;1540310000
2;17986;10758;right;14339870000
Target
0;17986;22596;left;5072513000
0;17986;22596;right;2067717000
1;17986;9153;left;51778647000
1;17986;9153;right;1497593000
2;17986;12800;left;16874576000
Intersection
0;17986;545;left;1513140000
0;17986;545;right;1451943000
1;17986;197;left;1241108000
1;17986;197;right;1267148000
---------------------
<--------> Query: 54 <-------->
Time intersections: 35783754
-----T-----
22596, 12800, 22596, 
-----S-----
22594, 10758, 22594, 
-----L-----
0.999911, 1.68086, 2.68063, 
-----R-----
3.38003, 2.37973, 1.00009, 
Weight of i=0: 22770.8
Weight of i=1: 18463.2
Weight of i=2: 98548.8
Selectivity: 1-th mandatory pred by intersecting 
Startitng with subquery: left
Source
0;1420359;22594;left;19089842000
1;1420359;10758;left;17324685000
1;1420359;10758;right;22641077000
2;1420359;22594;left;14149459000
2;1420359;22594;right;18486507000
Target
0;1420359;22596;left;20040525000
0;1420359;22596;right;17098136000
1;1420359;12800;left;22348573000
1;1420359;12800;right;14338521000
2;1420359;22596;left;19209546000
Intersection
0;1420359;4729;left;17202858000
0;1420359;4729;right;16624808000
1;1420359;4232;left;13651628000
1;1420359;4232;right;14121241000
---------------------
<--------> Query: 55 <-------->
Time intersections: 71743585
-----T-----
22596, 22596, 12800, 
-----S-----
22594, 22594, 10758, 
-----L-----
0.999911, 1.99973, 2.52118, 
-----R-----
3.19029, 2.19001, 1.18981, 
Weight of i=0: 117265
Weight of i=1: 21965.7
Weight of i=2: 55825
Selectivity: 1-th mandatory pred by intersecting 
Startitng with subquery: left
Source
0;1714168;22594;left;14458876000
1;1714168;22594;left;21326689000
1;1714168;22594;right;18809381000
2;1714168;10758;left;12356459000
2;1714168;10758;right;15576210000
Target
0;1714168;22596;left;21359038000
0;1714168;22596;right;18807215000
1;1714168;22596;left;16454262000
1;1714168;22596;right;12078953000
2;1714168;12800;left;25372948000
Intersection
0;1714168;22592;left;21365056000
0;1714168;22592;right;18832091000
1;1714168;4729;left;12184759000
1;1714168;4729;right;11585376000
---------------------
