  Index loaded 16.4129 bytes per triple
1;1000000;6931172000
2;1000000;2568384000
3;6237;195131000
4;1000000;6259438000
5;1;216000
6;356747;2912431000
7;1000000;58413035000
8;2614;148727000
9;4165;211148000
10;1000000;4729137000
11;149793;1883445000
12;188;14907000
13;34641;359233000
14;272860;1412615000
15;297;65399000
16;160;32240000
17;17;1982000
18;469;21724000
19;26278;206476000
20;8456;168904000
21;1000000;3163097000
22;1;289000
23;661;25348000
24;12939;122730000
25;35303;506199000
26;37445;283255000
27;35302;491087000
28;861737;91366703000
29;18620;701447000
30;177;17624000
31;1000000;12411648000
32;130444;1324752000
33;742103;4132212000
34;2538;73518000
35;40453;489405000
36;1738;72595000
37;0;0
38;1000000;12453729000
39;0;0
40;0;0
41;1000000;4078081000
42;590522;2251062000
43;144022;74239855000
44;1000000;2418511000
45;4174;94228000
46;1000000;10239326000
47;1405;32662000
48;1627;69160000
49;440579;2143393000
50;11387;304628000
51;240;17218000
52;31;2137000
53;795680;3712540000
54;1000000;6993720000
55;50949;549895000
56;1000000;6278242000
57;1000000;88443732000
58;1000000;6819285000
59;1000000;91649261000
60;1000000;50384630000
61;1000000;6533615000
62;1000000;91314233000
63;1000000;61467916000
64;1000000;10924371000
65;190233;1160520000
66;0;258000
67;8408;436081000
68;1000000;57829638000
69;187322;1109095000
70;156659;1318768000
71;206934;16595447000
72;163270;1461884000
73;129;10341000
74;4;485000
75;1;147000
76;247463;1631664000
77;1000000;7956841000
78;144269;871705000
79;156750;95830199000
80;1000000;16423253000
81;7184;143520000
82;9987;205860000
83;3630;80164000
84;51210;634079000
85;1000000;8448436000
86;38254;806121000
87;190254;92519614000
88;3;831000
89;413;52072000
90;4701;187062000
91;40;5507000
92;76;9160000
93;4;673000
94;6;883000
95;245;31004000
96;1000000;42455182000
97;1000000;4432333000
98;1000000;3208202000
99;3;610000
100;230;81712000
101;13;1613000
102;1000000;6828342000
103;1000000;8763544000
104;517;15944000
105;1000000;18775211000
106;1000000;5910151000
107;293233;1864094000
108;2818;95735000
109;93;5369000
110;1000000;3654366000
111;319;17039000
112;1000000;11428311000
113;0;0
114;0;0
115;0;0
116;72360;1877824000
117;0;0
118;1;199000
119;209809;3602952000
120;0;0
121;437999;3656584000
122;0;0
123;11713;123942000
124;1000000;11364993000
125;455640;4021470000
126;3411;73687000
127;12309;89735000
128;299487;1641839000
129;1000000;7246865000
130;2861;95270000
131;57199;353973000
132;2360;79813000
133;0;0
134;1000000;8439503000
135;5035;142851000
136;15813;462504000
137;3361;99028000
138;528324;4093199000
139;488345;2716032000
140;337115;2022766000
141;376;20526000
142;1000000;4572750000
143;1750;15454000
144;1000000;92976098000
145;20422;852082000
146;72360;2121307000
147;156562;912862000
148;42475;568088000
149;0;0
150;1211;52488000
151;8;1064000
152;296;20142000
153;27686;444456000
154;159;7381000
155;20704;207419000
156;0;0
157;5;964000
158;44943;515043000
159;38964;432085000
160;14837;182893000
161;1863;76448000
162;1000000;2225349000
163;359864;2071346000
164;18979;249056000
165;412236;2960768000
166;0;255000
167;9433;224699000
168;13724;195211000
169;13489;110032000
170;841202;5656071000
171;409;13124000
172;0;0
173;10600;83352000
174;0;0
175;13047;194293000
176;1000000;17025329000
177;1000000;21768898000
178;1000000;31670910000
179;9563;194975000
180;10600;76431000
181;8010;237536000
182;4304;87412000
183;1000000;3676997000
184;12278;351012000
185;578301;2011663000
186;521;31282000
187;578298;2029783000
188;1743;68687000
189;12530;174989000
190;1000000;11001802000
191;1000000;41646307000
192;380;23626000
193;838216;2246298000
194;1000000;5157748000
195;15440;242800000
196;953843;2125784000
197;0;0
198;13984;61337000
199;6114;125053000
200;368;26099000
201;1000000;11679265000
202;116682;749059000
203;60;3969000
204;1000000;3818274000
205;211701;1146453000
206;2468;45034000
207;71907;573697000
208;0;0
209;2467;41973000
210;217;11361000
211;8030;224910000
212;268;15589000
213;5146;76406000
214;421927;2261399000
215;18241;197648000
216;3459;75902000
217;22;2703000
218;9;903000
219;2177;68511000
220;25;2000000
221;510;16666000
222;0;217000
223;0;159000
224;4776;75663000
225;555;4108000
226;264720;1509836000
227;330;13577000
228;1159;32319000
229;15269;163689000
230;0;0
231;0;0
232;0;0
233;0;0
234;54;4655000
235;712;37687000
236;195;274918000
237;1000000;3226492000
238;0;0
239;18270;233447000
240;0;0
241;363612;1211769000
242;2728;103068000
243;98055;674226000
244;169172;1576409000
245;5276;135564000
246;504;26026000
247;81536;799131000
248;331748;1944358000
249;63529;730841000
250;41033;164310000
251;772265;2853475000
252;29564;309589000
253;57;6927000
254;1000000;3129545000
255;22622;249187000
256;1000000;3548889000
257;0;266000
258;0;1596000
259;0;165000
260;0;161000
261;0;158000
262;35942;262438000
263;34;896000
264;3792;118814000
265;677;27839000
266;679;29847000
267;312;18479000
268;0;0
269;7595;54583000
270;641298;4692546000
271;128525;859633000
272;29620;367091000
273;554525;5600271000
274;63;6348000
275;1000000;6611444000
276;87962;836142000
277;111390;1768582000
278;1000000;4873790000
279;407;21587000
280;37571;646675000
281;644829;2941722000
282;1000000;12303074000
283;1090;64069000
284;1000000;24690240000
285;1000000;18653221000
286;100624;937591000
287;613238;3207620000
288;5713;153931000
289;909856;1951405000
290;412235;3096022000
291;110522;1221847000
292;1467;36464000
293;21;1860000
294;1000000;39650191000
295;1000000;68450626000
296;35943;481201000
297;356746;3494232000
298;1000000;70029264000
299;0;0
300;88042;1120612000
301;1000000;3810380000
302;356479;96935434000
303;949234;8317834000
304;1000000;11576288000
305;1000000;455827257000
306;234587;1733558000
307;412296;3123937000
308;525636;1381869000
309;525635;1375324000
310;8041;127526000
311;1000000;7417802000
312;841203;6073251000
313;1;234000
314;8967;322689000
315;1000000;9375795000
316;347;12597000
317;569514;1904694000
318;0;0
319;0;0
320;1000000;6173999000
321;1000000;21321852000
322;1;238000
323;290;24398000
324;268;19946000
325;8628;196173000
326;1000000;7747669000
327;92611;563611000
328;4164;125786000
329;21;1495000
330;82;4633000
331;0;0
332;0;175000
333;613392;68163600000
334;50949;665048000
335;848022;6333431000
336;44;4841000
337;530438;3262779000
338;1000000;1284491000
339;1000000;817832000
340;0;0
341;1000000;871336000
342;1000000;565534000
343;1000000;11587106000
344;850776;2710463000
345;27;2896000
346;57;5312000
347;221404;2592729000
348;5729;196956000
349;1000000;4832140000
350;156660;1206710000
351;4314;118984000
352;33;3260000
353;44;2472000
354;1112;51610000
355;0;0
356;4733;105686000
357;99;4543000
358;28899;701022000
359;26;1966000
360;44;2768000
361;1000000;12251156000
362;4426;29953000
363;46886;223771000
364;1000000;7136853000
365;211;12723000
366;1000000;8449990000
367;5568;154575000
368;7507;112753000
369;1000000;54176335000
370;1000000;6617652000
371;1000000;12951004000
372;1000000;7972658000
373;1000000;13656972000
374;1000000;12051547000
375;0;0
376;0;0
377;0;0
378;0;272000
379;0;0
380;995;16317000
381;82712;853983000
382;147;8287000
383;2224;61205000
384;1802;29518000
385;497;13888000
386;295;10236000
387;1000000;8645715000
388;1000000;9708463000
389;14425;243346000
390;106609;1186051000
391;365678;2212692000
392;829360;6818935000
393;2;446000
394;14747;237446000
395;41423;388813000
396;20634;271351000
397;1000000;7494316000
398;47;4304000
399;256677;2129109000
400;254;16715000
401;1000000;9709532000
402;1000000;4073218000
403;5013;86880000
404;45494;427420000
405;5873;142503000
406;995;16581000
407;2;374000
408;179;9672000
409;93;4369000
410;6;356000
411;386533;2233994000
412;65289;715906000
413;13;1522000
414;53;3469000
415;1000000;21125438000
416;0;0
417;64062;4537313000
418;1000000;20152952000
419;190834;60005890000
420;90164;7249201000
421;41071;522960000
422;218172;1158848000
423;135998;931487000
424;3092;83262000
425;1000000;6649953000
426;1000000;6124136000
427;127305;417434000
428;1000000;12976252000
429;3771;80604000
430;39163;167525000
431;1000000;42589445000
432;7327;100205000
433;9;836000
434;3614;393785000
435;889;52518000
436;38612;309483000
437;0;0
438;95356;1054327000
439;0;0
440;905;45045000
441;25442;319787000
442;3082;104749000
443;25441;316520000
444;111;7473000
445;688807;2848976000
446;1000000;15650249000
447;310559;1420244000
448;41422;342088000
449;22117;466668000
450;244;17171000
451;16238;299894000
452;53488;867956000
453;1000000;44286099000
454;5;979000
455;239;19146000
456;481;26365000
457;9951;270987000
458;225;17788000
459;621;33581000
460;41386;554855000
461;22588;313497000
462;1000000;4069176000
463;8297;158004000
464;61366;453476000
465;18;1877000
466;402;24228000
467;27;2703000
468;111;8915000
469;21;1614000
470;219;14818000
471;18;1846000
472;755934;4412998000
473;0;0
474;1000000;27233342000
475;256585;2484456000
476;47016;740835000
477;465560;2326373000
478;8964;433279000
479;96;3427000
480;1000000;3346999000
481;0;0
482;0;0
483;0;0
484;1000000;7534653000
485;641299;5086970000
486;538839;4048932000
487;538838;4054672000
488;54135;530305000
489;47898;477329000
490;0;0
491;71468;1019898000
492;848022;6229805000
493;106609;1202876000
494;200567;8183425000
495;191616;1089063000
496;1000000;3881587000
497;139;11352000
498;2189;65313000
499;376;16477000
500;222295;1554466000
501;1000000;2150172000
502;17213;187882000
503;4685;113512000
504;17477;254257000
505;2326;62750000
506;1000000;6265843000
507;30232;421129000
508;30231;426615000
509;0;0
510;6563;87769000
511;1000000;4700461000
512;69548;248647000
513;4;692000
514;1000000;6398877000
515;1090;27856000
516;10515;150290000
517;66240;1133920000
518;1000000;8136333000
519;1000000;43497425000
520;7180;201785000
521;1000000;2017902000
522;938;38504000
523;1425;18648000
524;1000000;5423823000
525;11;931000
526;15;1801000
527;16;1156000
528;14;1100000
529;14;1090000
530;11;1087000
531;11;1082000
532;1383;71762000
533;15;1521000
534;16;1178000
535;13;1826000
536;13;1030000
537;0;167000
538;5517;177378000
539;20053;301866000
540;1000000;5606598000
541;1000000;21835122000
542;822846;4494219000
543;86;4997000
544;215018;1507289000
545;809015;3993319000
546;5810;247935000
547;819856;4414340000
548;165986;1315732000
549;447540;2710425000
550;5850;237224000
551;177;11670000
552;46;2929000
553;46;2372000
554;466096;805055000
555;99516;960263000
556;233608;1519032000
557;1381;63648000
558;0;0
559;8754;217729000
560;829284;6253885000
561;1468;35287000
562;1672;71530000
563;36;3724000
564;45;45065000
565;18240;195192000
566;855;24619000
567;793;26435000
568;1828;39882000
569;749;26000000
570;984;28838000
571;446;18682000
572;290158;881726000
573;2831;118257000
574;79893;703513000
575;5066;1283928000
576;14648;267811000
577;30;3234000
578;45;3985000
579;25831;148528000
580;482025;2761300000
581;2820;131828000
582;1000000;7690196000
583;1000000;4424465000
584;810813;4248465000
585;138961;1020008000
586;0;244000
587;1000000;6446528000
588;1000000;5874608000
589;1000000;5341757000
590;447708;2742895000
591;977469;4784321000
592;20367;56640000
593;15354;238156000
594;1000000;5986462000
595;0;257000
596;136415;976347000
597;1000000;5708876000
598;1000000;6498902000
599;16103;417457000
600;1000000;6084875000
601;1000000;4239900000
602;1000000;6127291000
603;23040;285171000
604;6190;153156000
605;1000000;4788605000
606;1000000;6741533000
607;18;3950000
608;164;12248000
609;13;1181000
610;30;2253000
611;1000000;4785124000
612;0;256000
613;819856;4258528000
614;819861;4211191000
615;559997;1700186000
616;1000000;2238081000
617;822851;4300457000
618;1000000;21301598000
619;795680;3761030000
620;65882;351401000
621;4357;57440000
622;76925;614281000
623;0;303000
624;27436;251457000
625;888;44689000
626;254;14743000
627;346814;1238521000
628;608;34270000
629;822846;4355899000
630;0;0
631;766339;3952801000
632;0;0
633;7439;528668000
634;578299;2223593000
635;38003;867399000
636;582322;2145064000
637;601379;2438369000
638;594069;2149100000
639;18875;81615000
640;4125;87483000
641;36935;267770000
642;2531;56702000
643;901;43845000
644;1000000;8523018000
645;52095;614728000
646;0;0
647;11759;218701000
648;34;961000
649;1456;45081000
650;18645;266009000
651;1;217000
652;16;6708000
653;1000000;21708976000
654;819869;4288873000
655;1000000;4145075000
656;1000000;3669169000
657;3179;89833000
658;205;3632000
659;1000000;22028924000
660;14410;344301000
661;14314;307476000
662;588;31720000
663;384160;1238895000
664;5489;151469000
665;33549;125124000
666;10361;218080000
667;33002;436169000
668;3;620000
669;1000000;3114206000
670;6852;171350000
671;14591;82857000
672;0;0
673;16641;416211000
674;9456;228924000
675;1000000;20062459000
676;0;0
677;221403;2555805000
678;80;6942000
679;1000000;12934466000
680;9457;227853000
681;3;532000
682;18624;60932000
683;56243;500804000
684;440580;2080831000
685;42317;60057681000
686;1000000;5954503000
687;383;26483000
688;1000000;4733008000
689;81877;760026000
690;1000000;3336381000
691;1000000;10110046000
692;326322;1809750000
693;8;1040000
694;1397;63071000
695;374;20695000
696;2005;75144000
697;1000000;6010357000
698;33;4296000
699;1000000;2119538000
700;301435;1929495000
701;255;17332000
702;4591;100076000
703;3472;64049000
704;12745;175808000
705;1;206000
706;62;4901000
707;13787;368333000
708;578;25228000
709;1000000;12902361000
710;291;2614000
711;1000000;4847557000
712;4509;75346000
713;1000000;7941710000
714;521573;5835877000
715;1000000;2515618000
716;2823;111229000
717;0;0
718;0;0
719;1000000;1763783000
720;1000000;9259682000
721;1571;79060000
722;3;522000
723;1000000;6337271000
724;1000000;6402410000
725;1000000;12227529000
726;9947;124641000
727;255976;98365176000
728;1000000;12906336000
729;1000000;8483332000
730;28485;535071000
731;818;36688000
732;102;8615000
733;518;7056000
734;14406;167714000
735;151;8494000
736;5;694000
737;176030;1690475000
738;1628;62467000
739;60165;658366000
740;52;4159000
741;108;21144000
742;52378;681404000
743;588251;23171407000
744;181;14174000
745;606;21851000
746;167;11355000
747;11844;103692000
748;11845;95801000
749;0;0
750;200;7638000
751;1074;57550000
752;2665;46862000
753;0;0
754;2939;71947000
755;164077;546531000
756;1070;45305000
757;184;14157000
758;240007;1809899000
759;1000000;55153605000
760;1000000;50611272000
761;346275;1959560000
762;1000000;11408623000
763;1000000;10881694000
764;4224;110742000
765;1000000;3988201000
766;1000000;8477045000
767;1000000;8385009000
768;1074;21980000
769;340110;2624922000
770;1000000;3972822000
771;24;3198000
772;12;2133000
773;1000000;7809377000
774;0;48511489000
775;1000000;4523325000
776;94;6849000
777;157616;813510000
778;11087;205665000
779;1000000;7492879000
780;1000000;7418088000
781;0;0
782;554773;46570804000
783;45494;565559000
784;511921;2959251000
785;1000000;6206161000
786;1000000;12310549000
787;894571;4320493000
788;0;0
789;535515;3011107000
790;0;0
791;303191;1508070000
792;11887;260235000
793;530439;3236927000
794;447;26635000
795;0;0
796;134802;969478000
797;26851;17604747000
798;58;1866000
799;1000000;8487389000
800;263562;874624000
801;263446;861110000
802;2379;153546000
803;1933;108922000
804;926;52280000
805;538128;5667805000
806;1000000;5583403000
807;22;2098000
808;37328;814705000
809;120495;1105294000
810;801683;9538043000
811;1175;54904000
812;120496;1089153000
813;93766;278549000
814;2727;103124000
815;8660;216940000
816;567612;8590620000
817;559996;2061813000
818;1073;54724000
819;557136;1663371000
820;594068;2146683000
821;53;3847000
822;39981;485387000
823;638855;2477616000
824;38599;330930000
825;0;256000
826;51447;709910000
827;1000000;4813449000
828;1000000;9329380000
829;6884;156993000
830;9788;270455000
831;1173;29180000
832;23792;154156000
833;214069;1239436000
834;614;33152000
835;28484;481311000
836;588;31698000
837;17340;413204000
838;898106;8378268000
839;1000000;4772432000
840;0;0
841;53;4975000
842;1000000;10534832000
843;0;0
844;0;0
845;1818;59419000
846;328;25142000
847;374710;1201720000
848;56513;629340000
849;1172;195613000
850;2188;34192000
851;424579;2246078000
852;247047;1190618000
853;1000000;1526662000
854;431941;64178383000
855;1000000;17121163000
856;181;11618000
857;1000000;47213283000
858;1000000;27944307000
859;1000000;47533592000
860;1000000;19421951000
861;1000000;20003920000
862;9856;194309000
863;9855;150414000
864;7833;843325000
865;31;3148000
866;22280;396266000
867;462;30798000
868;39;3191000
869;509441;3364450000
870;1000000;8495467000
871;168118;1163256000
872;12499;259806000
873;3410;73214000
874;312;19405000
875;17116;156588000
876;2732;40196000
877;856;60371031000
878;97627;546000000
879;209767;2661936000
880;344;22776000
881;15812;416737000
882;18949;428379000
883;6751;206794000
884;4164;129827000
885;441523;1556359000
886;221403;2474182000
887;1000000;30951288000
888;36494;357955000
889;1467;60030795000
890;43440;434971000
891;35;24238000
892;1000000;44836648000
893;1000000;8882263000
894;13788;428928000
895;75;6098000
896;177;11069000
897;1;164000
898;1000000;2611541000
899;0;32000
900;373;19821000
901;1000000;9105348000
902;14971;231041000
903;5315;219564000
904;239574;1361561000
905;16826;59175000
906;482081;1742898000
907;12597;112909000
908;740977;4566908000
909;4;990000
910;1387;36194000
911;22;2603000
912;0;0
913;3119;37039000
914;4;686000
915;57198;357053000
916;5;669000
917;274;16606000
918;206;13264000
919;28083;106577000
920;6;630000
921;4;417000
922;983;29004000
923;6;680000
924;6;456000
925;5;373000
926;4;374000
927;305;11399000
928;7;690000
929;31;2289000
930;116;6661000
931;5;473000
932;4;396000
933;6;428000
934;7;526000
935;6;391000
936;4;300000
937;20;1373000
938;25;1450000
939;6;509000
940;5;376000
941;7;421000
942;7;591000
943;405;13296000
944;6;497000
945;6;425000
946;4;313000
947;7;394000
948;108;4994000
949;380;10375000
950;7;613000
951;5;428000
952;32;2781000
953;7;510000
954;6;379000
955;4;313000
956;7;359000
957;7;506000
958;1041;21725000
959;4;420000
960;8;450000
961;6;363000
962;6;393000
963;6;395000
964;97;905000
965;7;374000
966;6;377000
967;9;400000
968;254;6979000
969;6;475000
970;4;332000
971;31;1813000
972;7;367000
973;7984;148388000
974;5;518000
975;196;9947000
976;6;697000
977;6;482000
978;6;490000
979;4;318000
980;5;332000
981;0;50000
982;7;370000
983;1000000;25630266000
984;312;21776000
985;0;0
986;48;4054000
987;46;3366000
988;0;0
989;10498;139804000
990;21;2342000
991;4;466000
992;645;87219000
993;26;2070000
994;0;0
995;22;1277000
996;27;1508000
997;2;532000
998;21;1638000
999;22;1285000
1000;23012;390799000
1001;28;2266000
1002;31;1830000
1003;613;32593000
1004;21495;311763000
1005;5610;81171000
1006;209768;2585662000
1007;345;23390000
1008;17341;445778000
1009;589;35080000
1010;9789;247164000
1011;6;987000
1012;60716;627869000
1013;18950;424598000
1014;6752;207776000
1015;66241;1153600000
1016;24;2429000
1017;37329;616660000
1018;54;2100000
1019;36301;567225000
1020;0;0
1021;248454;2410642000
1022;18565;230438000
1023;1524;32884000
1024;29757;463362000
1025;9075;178748000
1026;8899;43855000
1027;58443;719586000
1028;75;4270000
1029;312007;1972201000
1030;29307;462497000
1031;167;10164000
1032;134002;14993827000
1033;41;4637000
1034;0;0
1035;660;14600000
1036;62227;577500000
1037;39732;366939000
1038;50949;561214000
1039;1000000;3724834000
1040;3068;41627000
1041;171132;1007243000
1042;8;1239000
1043;0;0
1044;25809;303356000
1045;0;233000
1046;78924;964783000
1047;49036;502711000
1048;256;19740000
1049;446136;1448543000
1050;369752;933908000
1051;161919;544179000
1052;543845;1422234000
1053;2870;80582000
1054;1439;44469000
1055;5521;52916000
1056;28;2809000
1057;16;1638000
1058;11;1233000
1059;23;2423000
1060;4;623000
1061;18023;283250000
1062;6933;166641000
1063;1000000;3756180000
1064;1615;35150000
1065;65;6953000
1066;18900;449214000
1067;70816;1819972000
1068;72360;1812599000
1069;20421;505251000
1070;3469;109911000
1071;6616;159140000
1072;8;1132000
1073;5;474000
1074;117273;17986045000
1075;41043;466104000
1076;38;4701000
1077;0;213000
1078;2432;57757000
1079;35;3172000
1080;105524;49577329000
1081;86;9519000
1082;9;1080000
1083;6;568000
1084;304;23658000
1085;4;729000
1086;215897;61969097000
1087;4;761000
1088;736;46014000
1089;1965;49118000
1090;6;719000
1091;889;38226000
1092;0;0
1093;30739;161322000
1094;1000000;8780530000
1095;38613;278015000
1096;274925;2429362000
1097;25;3192000
1098;9;1038000
1099;9;652000
1100;8;596000
1101;8;564000
1102;7;659000
1103;8;523000
1104;10;661000
1105;9;664000
1106;9;840000
1107;421;27424000
1108;213541;5163396000
1109;169171;1479219000
1110;1000000;2172665000
1111;115431;7761101000
1112;9;1012000
1113;8;874000
1114;8;688000
1115;8;704000
1116;7;720000
1117;1000000;9078394000
1118;1000000;8661122000
1119;36651;2670709000
1120;1690;174820000
1121;2139;90322000
1122;858;27054000
1123;4;637000
1124;1000000;19802814000
1125;52;1027000
1126;5;676000
1127;577066;1080837000
1128;32154;443341000
1129;12783;144707000
1130;192;13648000
1131;1000000;8216679000
1132;1000000;960042000
1133;44814;367804000
1134;1;253000
1135;0;0
1136;23;3450000
1137;193;14878000
1138;0;0
1139;122190;450206000
1140;1000000;21062462000
1141;6;1261000
1142;2141;45339000
1143;278;23649000
1144;10;249000
1145;57437;611039000
1146;1000000;6009082000
1147;10858;251671000
1148;18;1940000
1149;6;674000
1150;421367;4280308000
1151;4;833000
1152;23;1310000
1153;99495;1275696000
1154;16480;5812765000
1155;399289;1235672000
1156;1000000;8579978000
1157;386534;2667448000
1158;5289;2673366000
1159;4;738000
1160;10;1089000
1161;0;0
1162;6108;39742000
1163;4;787000
1164;649;37965000
1165;14691;202935000
1166;1000000;3023817000
1167;174;11484000
1168;174;8733000
1169;174;8332000
1170;174;8225000
1171;2159;65813000
1172;0;0
1173;9511;144353000
1174;0;0
1175;1000000;7779454000
1176;33857;358028000
1177;9;980000
1178;214091;1322211000
1179;256178;88642490000
1180;279875;3116349000
1181;2128;73023000
1182;235386;2464440000
1183;60175;715424000
1184;1;35000
1185;3627;76011000
1186;71;863000
1187;1000000;2410044000
1188;1000000;14040286000
1189;120982;1115404000
1190;8;1072000
1191;176029;1677684000
1192;1000000;8658529000
1193;713058;60057233000
1194;5;1014000
1195;4;472000
1196;3220;65932000
1197;1000000;3071020000
1198;0;0
1199;0;0
1200;27;2654000
1201;308678;1255906000
1202;0;0
1203;9907;208267000
1204;1000000;20531619000
1205;14952;163088000
1206;0;0
1207;1000000;3510202000
1208;50949;548442000
1209;765;35253000
1210;4;1046000
1211;245496;945887000
1212;245219;920781000
1213;0;0
1214;134;6358000
1215;5;682000
1216;7;815000
1217;0;0
1218;27333;282479000
1219;45493;454438000
1220;1000000;8482893000
1221;149793;1912713000
1222;188;16630000
1223;1786;51372000
1224;3535;128902000
1225;57065;1573237000
1226;57066;1550242000
1227;3;865000
1228;7;1090000
1229;4469;88343000
1230;7;2009819000
1231;18727;242516000
1232;0;0
1233;1000000;5973646000
1234;6257;98809000
1235;28305;418474000
1236;1000000;6863390000
1237;6590;108420000
1238;4;697000
1239;274226;97830915000
1240;42073;917381000
1241;682;98451000
1242;210205;10837830000
1243;4;640000
1244;0;0
1245;6094;215133000
1246;23;1993000
1247;8;575000
1248;71266;291379000
1249;577;29158000
1250;1000000;8760492000
1251;1000000;11614594000
1252;263445;1952159000
1253;605312;42617370000
1254;188098;1141517000
1255;13643;46262000
1256;15;2090000
1257;1457;62530000
1258;143619;19878045000
1259;4;608000
1260;102;15717000
1261;8;1107000
1262;446067;3998516000
1263;1000000;22792275000
1264;19;2155000
1265;55823;2016766000
1266;96374;875628000
1267;9;836000
1268;0;0
1269;103;3766000
1270;3119;52691000
1271;0;0
1272;9;1229000
1273;278569;11444257000
1274;381;21375000
1275;288;11686000
1276;0;0
1277;11380;154770000
1278;100;7630000
1279;7741;254382000
1280;3530;79021000
1281;3;658000
1282;6;799000
1283;41583;268770000
1284;179;5584000
1285;324130;2370223000
1286;21;2250000
1287;6;666000
1288;1000000;6673242000
1289;1399;26073000
1290;426;11895000
1291;1000000;2709538000
1292;24256;141806000
1293;1000000;28257468000
1294;1000000;28618152000
1295;0;0
1296;64;2820000
1297;684;9051000
1298;1000000;12034699000
1299;1000000;6304703000
1300;1000000;5446844000
1301;191742;469730000
1302;63316;888626000
1303;680;28986000
1304;1000000;3595333000
1305;1000000;6238851000
1306;708786;91254272000
1307;136461;96756291000
1308;0;0
1309;15285;494075000
1310;12544;416327000
1311;7712;250518000
1312;44797;729014000
1313;2395;123493000
1314;190;9952000
1315;10;1433000
1316;1869;94280000
1317;25;2516000
1318;8;853000
1319;28;2133000
1320;746;42685000
1321;667740;3569744000
1322;41310;709928000
1323;3305;112844000
1324;2662;110844000
1325;6;931000
1326;843;32786000
1327;841;34788000
1328;520;79207000
1329;910539;60011564000
1330;446067;27877914000
1331;7592;220441000
1332;5337;107102000
1333;27950;417035000
1334;11847;132995000
1335;834653;7110457000
1336;1000000;2537857000
1337;60477;631579000
1338;378;26504000
1339;0;0
1340;879;37794000
1341;91;6403000
1342;353;15173000
1343;233;14160000
1344;554226;40049969000
1345;1000000;27687125000
1346;1000000;6520984000
1347;1999;91454000
1348;11;1599000
1349;212;14273000
1350;1000000;5855366000
1351;5;1076000
1352;5;532000
1353;81;4618000
1354;93;3929000
1355;290;15226000
1356;0;0
1357;0;0
1358;1000000;3142152000
1359;60028;385595000
1360;1000000;50988147000
1361;667543;96388131000
1362;637;36283000
1363;46;6524000
1364;1000000;8794625000
1365;1000000;8140651000
1366;1000000;7725153000
1367;307933;2708044000
1368;246620;2279967000
1369;6447;212874000
1370;253381;14462651000
1371;1;228000
1372;1;171000
1373;79;6738000
1374;195743;2015213000
1375;6;1030000
1376;0;0
1377;574358;5885207000
1378;208779;1440593000
1379;109;12432000
1380;7;8928000
1381;35;20116000
1382;5;3553000
1383;1;1078000
1384;1000000;3017616000
1385;614;43077000
1386;121992;821321000
1387;433384;2197516000
1388;1574;27539000
1389;4924;20038000
1390;81;6337000
1391;4;616000
1392;1000000;4351832000
1393;1000000;3027497000
1394;31370;81332000
1395;258332;1323867000
1396;1000000;26001401000
1397;1000000;3926510000
1398;12;1928000
1399;2861;31829000
1400;731;25431000
1401;115;9834000
1402;1000000;3496336000
1403;1863;28111000
1404;6;889000
1405;1;147000
1406;438811;4058571000
1407;129650;1018075000
1408;318742;98216122000
1409;740977;5271440000
1410;59509;749118000
1411;180281;5458585000
1412;6;986000
1413;6;490000
1414;6204;478135000
1415;582496;2081192000
1416;570836;1882996000
1417;582398;2059016000
1418;23053;345330000
1419;0;0
1420;3220;67276000
1421;305;18693000
1422;144264;290563000
1423;134;8594000
1424;71;2780000
1425;1000000;4702119000
1426;126;12134000
1427;306;21114000
1428;12;1420000
1429;1378;66331000
1430;57;4018000
1431;82092;885329000
1432;18964;260009000
1433;13496;255735000
1434;6;950000
1435;204;13035000
1436;244;15847000
1437;13;1778000
1438;5953;36923000
1439;222294;1610247000
1440;28281;434973000
1441;1000000;5495557000
1442;1000000;1078390000
1443;15127;71069000
1444;7;1399000
1445;1000000;4618731000
1446;203075;1643724000
1447;838216;2140934000
1448;195703;1426042000
1449;247163;1592133000
1450;195693;395461000
1451;114299;455554000
1452;3134;89921000
1453;1000000;4639026000
1454;1000000;4013784000
1455;838408;3488978000
1456;592;7874000
1457;925;123466000
1458;207207;1598734000
1459;19972;307784000
1460;43307;517887000
1461;10;1522000
1462;26215;584151000
1463;33540;276025000
1464;24;1410000
1465;1474;5680000
1466;2740;9531000
1467;2162;59384000
1468;0;221000
1469;16;4177000
1470;1;1112000
1471;1;676000
1472;1000000;6730341000
1473;1000000;8412251000
1474;2279;66720000
1475;0;0
1476;0;0
1477;540118;7247919000
1478;6;512000
1479;0;0
1480;319881;2377222000
1481;4;699000
1482;1084;48574000
1483;1000000;5936907000
1484;13795;248465000
1485;10072;94361000
1486;369;2609000
1487;85488;749644000
1488;6;809000
1489;4;464000
1490;800;32989000
1491;1000000;3155156000
1492;1;247000
1493;15979;580004000
1494;10425;97321000
1495;1000000;5943829000
1496;792;39410000
1497;0;22006000
1498;3635;69511000
1499;2788;104820000
1500;14;1519000
1501;1000000;12925207000
1502;0;0
1503;417472;4203474000
1504;39186;496542000
1505;211;12385000
1506;20591;255620000
1507;484414;3137569000
1508;6;1137000
1509;3;438000
1510;4;424000
1511;267;18741000
1512;34;1553000
1513;1000000;7312426000
1514;1000000;9770933000
1515;1000000;6003756000
1516;323;1034000
1517;242842;2280287000
1518;6;1245000
1519;2957;84821000
1520;1;220000
1521;22961;415457000
1522;1513;63724000
1523;1750;47362000
1524;559996;1723852000
1525;34282;420896000
1526;2369;73186000
1527;4;915000
1528;2;444000
1529;589;24316000
1530;256728;1960847000
1531;220;8843000
1532;47834;510499000
1533;369;24734000
1534;68013;609368000
1535;933;29511000
1536;199974;1019208000
1537;3254;88026000
1538;6;839000
1539;13;2861000
1540;49;4675000
1541;357296;3052995000
1542;72110;693309000
1543;18;16144000
1544;683908;97117582000
1545;37;5612000
1546;37;3137000
1547;37;1888000
1548;34;2012000
1549;1000000;85558711000
1550;58732;100259890000
1551;1;223000
1552;0;60186323000
1553;4;947000
1554;34281;471844000
1555;7776;160114000
1556;5;823000
1557;5;662000
1558;5;620000
1559;0;14773000
1560;33451;382691000
1561;12277;126246000
1562;1000000;43123882000
1563;70820;1787889000
1564;1669;59474000
1565;37824;408220000
1566;16474;270208000
1567;347;13324000
1568;0;0
1569;0;0
1570;1000000;25587919000
1571;524968;1862592000
1572;2415;65852000
1573;36;3072000
1574;1000000;14144814000
1575;23;3259000
1576;65;9151000
1577;0;0
1578;220;18838000
1579;0;0
1580;12465;169434000
1581;1000000;42529287000
1582;1000000;42434725000
1583;1000000;35803900000
1584;22810;364809000
1585;10279;298515000
1586;0;0
1587;11847;183360000
1588;1000000;4719575000
1589;110136;580995000
1590;1000000;4717267000
1591;346760;1315620000
1592;1000000;19159919000
1593;38588;230367000
1594;1000000;25423324000
1595;1000000;28770308000
1596;541;26227000
1597;1000000;8907628000
1598;44667;192067000
1599;5530;129871000
1600;5184;139891000
1601;2132;60897000
1602;5408;127853000
1603;2172;58232000
1604;5408;119191000
1605;2172;58657000
1606;5531;110723000
1607;18;2237000
1608;18;1280000
1609;5407;117322000
1610;2171;57782000
1611;2365;66073000
1612;2904;76354000
1613;14;1161000
1614;13;856000
1615;5183;123798000
1616;2131;60375000
1617;13;1283000
1618;8;1099000
1619;39;2878000
1620;6;589000
1621;647450;57365369000
1622;1000000;9328898000
1623;62;6873000
1624;61;3358000
1625;6889;33659000
1626;37408;259652000
1627;24970;280764000
1628;525037;2193027000
1629;1000000;5193878000
1630;346760;1277192000
1631;73663;98281079000
1632;8;1705000
1633;0;0
1634;8904;354242000
1635;0;0
1636;1000000;20278261000
1637;4;595000
1638;5183;152152000
1639;2131;61440000
1640;512;34116000
1641;117;11859000
1642;92;9483000
1643;29;3032000
1644;12;1260000
1645;667;42141000
1646;1570;90370000
1647;10668;368987000
1648;70815;1963716000
1649;7097;81810000
1650;738462;3027810000
1651;738462;2660927000
1652;73;2335000
1653;7504;162117000
1654;98041;933289000
1655;26376;557671000
1656;12309;87988000
1657;1000000;26797430000
1658;1;254000
1659;1;148000
1660;940640;93372777000
1661;1000000;4830884000
1662;1;1434000
1663;0;0
1664;0;0
1665;5;626000
1666;666;22889000
1667;1;194000
1668;26743;634230000
1669;2058;83114000
1670;1072;51670000
1671;7503;169020000
1672;123727;1345905000
1673;689863;3617700000
1674;322;18413000
1675;97408;1703952000
1676;2537;70369000
1677;6;808000
1678;0;0
1679;0;0
1680;0;0
1681;0;0
1682;138;10617000
1683;9;873000
1684;3;550000
1685;1427;19212000
1686;23;2513000
1687;70816;1795014000
1688;1;206000
1689;0;0
1690;3448;96501000
1691;126;9556000
1692;500;24107000
1693;906;24396000
1694;0;0
1695;0;0
1696;5561;79525000
1697;1;201000
1698;4;491000
1699;1000000;25771492000
1700;0;0
1701;1000000;9987192000
1702;1000000;41933094000
1703;1000000;29689809000
1704;45374;480690000
1705;0;0
1706;16;1505000
1707;843865;4159537000
1708;6804;88965000
1709;232409;1404209000
1710;4;1047000
1711;4;418000
1712;5;752000
1713;210708;864130000
1714;670831;3851853000
1715;1;870000
1716;4;411000
1717;0;0
1718;4;808000
1719;0;0
1720;0;0
1721;6;840000
1722;1000000;9330322000
1723;0;0
1724;1272;38886000
1725;1000000;4459384000
1726;1000000;4530203000
1727;1000000;4697778000
1728;853178;4735639000
1729;20;10106000
1730;19;4807000
1731;18;4514000
1732;17;4464000
1733;266529;88604848000
1734;102428;10145388000
1735;57438;716480000
1736;1;39643000
1737;524;59327000
1738;0;13584000
1739;23013;415845000
1740;37731;442040000
1741;578895;61992848000
1742;160279;1074899000
1743;449;12790000
1744;14313;314615000
1745;1000000;22284407000
1746;14313;305144000
1747;3217;2007369000
1748;689909;3941947000
1749;90;83943000
1750;5179;145941000
1751;574358;5678858000
1752;43788;559266000
1753;870755;69031904000
1754;41163;433992000
1755;5;1085000
1756;0;0
1757;1000000;6853851000
1758;142545;974880000
1759;142546;934659000
1760;6;791000
1761;6;509000
1762;1;147000
1763;142545;938672000
1764;35;3727000
1765;7;719000
1766;0;0
1767;373;20975000
1768;16;1295000
1769;36;2994000
1770;1156;12039000
1771;667969;3134882000
1772;1000000;748095000
1773;38379;203449000
1774;15412;121497000
1775;18661;325381000
1776;247552;2115327000
1777;23374;348222000
1778;63816;414661000
1779;18773;293100000
1780;336695;1793462000
1781;24987;260573000
1782;26747;415005000
1783;21351;322046000
1784;27876;423585000
1785;144306;922771000
1786;31684;269106000
1787;26437;199378000
1788;89345;490069000
1789;525082;2146402000
1790;22587;259633000
1791;20772;215014000
1792;322582;1272209000
1793;28972;386735000
1794;64003;319721000
1795;27539;304075000
1796;19333;320708000
1797;88805;535880000
1798;15594;129049000
1799;169944;1174404000
1800;29136;352756000
1801;84484;1617246000
1802;67938;6291009000
1803;0;0
1804;1000000;4529605000
1805;936298;3916346000
1806;1000000;6697127000
1807;1000000;5801800000
1808;1000000;5564860000
1809;1000000;6933824000
1810;4891;133197000
1811;2495;103934000
1812;2487;34277000
1813;12687;182060000
1814;3109;89892000
1815;0;0
1816;894;27604000
1817;1567;69303000
1818;5110;143810000
1819;1961;82784000
1820;141;10441000
1821;1716;68897000
1822;4;803000
1823;6;793000
1824;11054;251807000
1825;50;6150000
1826;37629;383450000
1827;1000000;5133553000
1828;0;0
1829;57129;598513000
1830;140700;13142412000
1831;1000000;7759369000
1832;1000000;385824000
1833;14568;187683000
1834;5011;91422000
1835;629962;4814204000
1836;632654;4571088000
1837;28;1465000
1838;1000000;4895666000
1839;6;957000
1840;1;141000
1841;0;650496000
1842;375;22546000
1843;275;18408000
1844;144958;856107000
1845;417;24717000
1846;287428;18635589000
1847;4;648000
1848;47792;683799000
1849;7498;113964000
1850;17;3309000
1851;16272;56014000
1852;1322;21651000
1853;15409;164506000
1854;1;206000
1855;2;337000
1856;346;11126000
1857;1000000;13074673000
1858;1000000;2887462000
1859;154141;571901000
1860;23121;280391000
1861;0;0
1862;0;0
1863;21547;268176000
1864;18274;240916000
1865;14044;53250000
1866;4710;125050000
1867;1000000;6249252000
1868;967;52541000
1869;392710;27649720000
1870;1000000;35739006000
1871;1;253000
1872;121;9572000
1873;57;4442000
1874;178;12533000
1875;4;804000
1876;3885;928184000
1877;1872;240379000
1878;1510;80555000
1879;543;34565000
1880;109337;596240000
1881;0;0
1882;0;0
1883;1000000;8490903000
1884;0;0
1885;0;0
1886;22;2480000
1887;0;0
1888;199;13160000
1889;4605;197937000
1890;1285;52177000
1891;1034;39208000
1892;951;37892000
1893;116994;97145834000
1894;9;2901000
1895;20054;485214000
1896;412235;3679408000
1897;93164;791045000
1898;4;1011000
1899;712044;5292953000
1900;585311;2246986000
1901;578360;2178561000
1902;0;0
1903;3679;29221000
1904;861;8227000
1905;175;6474000
1906;793;14671000
1907;14410;340639000
1908;14314;303089000
1909;14410;311973000
1910;14314;301128000
1911;1193;57933000
1912;1265;100260000
1913;1771;78359000
1914;32600;463919000
1915;30;1715000
1916;96;6606000
1917;130;6812000
1918;96;3608000
1919;317;6941000
1920;13171;223069000
1921;2684;53210000
1922;1000000;77495342000
1923;0;0
1924;5;1140000
1925;95336;1693671000
1926;48;5139000
1927;756;24192000
1928;1497;74979000
1929;1000000;8343191000
1930;1000000;292141883000
1931;0;0
1932;38612;478353000
1933;2;544000
1934;24;2968000
1935;3022;66127000
1936;22113;488211000
1937;918;13234000
1938;234;10791000
1939;8;1379000
1940;6;802000
1941;6;661000
1942;1014;62072000
1943;0;0
1944;1000000;21769573000
1945;2383;61805000
1946;14410;343190000
1947;14314;319198000
1948;420;22848000
1949;1000000;1148516549000
1950;0;0
1951;1220;36593000
1952;27496;797185000
1953;24908;420058000
1954;1000000;6960586000
1955;3066;91635000
1956;58;6317000
1957;0;229000
1958;41422;364285000
1959;71212;508886000
1960;16;2034000
1961;2113;60590000
1962;1;207000
1963;7933;207632000
1964;27681;223919000
1965;2112;54155000
1966;15155;242163000
1967;11639;82617000
1968;517687;387666430000
1969;279511;36186760000
1970;42506;647019000
1971;96;5094000
1972;16299;136822000
1973;0;0
1974;0;0
1975;8;1153000
1976;0;0
1977;1265;51402000
1978;3;601000
1979;1000000;25550670000
1980;1000000;25015726000
1981;928163;94536998000
1982;42475;999995000
1983;36074;147079000
1984;2643;26779000
1985;0;0
1986;73;4869000
1987;34;550000
1988;1;184000
1989;302;20858000
1990;16989;300694000
1991;783145;5787529000
1992;126583;582005000
1993;638451;2933446000
1994;18240;210552000
1995;1000000;8850021000
1996;20;5608000
1997;4;584000
1998;1000000;4910858000
1999;0;0
2000;44533;229039000
2001;198931;1219717000
2002;1000000;13826463000
2003;360;21523000
2004;638855;2408266000
2005;86816;507880000
2006;10235;23084000
2007;2568;102281000
2008;1;207000
2009;6046;144423000
2010;0;0
2011;240855;1619908000
2012;5362;123798000
2013;5361;112514000
2014;1000000;6066780000
2015;0;0
2016;212028;1337625000
2017;35092;641381000
2018;13144;133355000
2019;13143;136374000
2020;1622;23304000
2021;1000000;4412149000
2022;344;26051000
2023;4153;128826000
2024;0;0
2025;162984;96815941000
2026;1000000;5723728000
2027;20;3065000
2028;0;0
2029;1563;108992000
2030;0;0
2031;1000000;6505122000
2032;256466;98237352000
2033;8680;238085000
2034;186319;96926237000
2035;70;10020000
2036;5;947000
2037;280;15146000
2038;240234;1890405000
2039;0;0
2040;3817;100341000
2041;0;0
2042;35092;351798000
2043;0;0
2044;67586;685931000
2045;3;739000
2046;67585;509429000
2047;6811;122055000
2048;107312;572531000
2049;8934;188834000
2050;0;77000
2051;231;13368000
2052;524;19875000
2053;744;14073000
2054;0;0
2055;19152;201375000
2056;46968;273373000
2057;5749;199672000
2058;536;21658000
2059;379;22529000
2060;6805;86666000
2061;5775;34625000
2062;5032;152231000
2063;36;3720000
2064;6;585000
2065;8;792000
2066;311;17543000
2067;0;0
2068;171940;2583102000
2069;5405;126774000
2070;1000000;5794774000
2071;1000000;325735397000
2072;1000000;319239014000
2073;301;27223000
2074;226;28876000
2075;55;7228000
2076;1000000;33948539000
2077;1000000;34047425000
2078;260512;1472945000
2079;2383;95202000
2080;212029;1266262000
2081;102312;807411000
2082;1823;51897000
2083;28841;301281000
2084;0;265000
2085;1000000;7296297000
2086;7348;40186000
2087;6805;104846000
2088;10533;201551000
2089;35878;379613000
2090;1000000;5854497000
2091;35937;532203000
2092;4;481000
2093;1000000;34819953000
2094;16473;274260000
2095;16473;259316000
2096;75728;625695000
2097;19954;287526000
2098;121585;539284000
2099;110430;992590000
2100;19634;316174000
2101;307859;1210791000
2102;10779;86313000
2103;42092;560809000
2104;1000000;8915488000
2105;1000000;4803603000
2106;5361;108025000
2107;4;812000
2108;1000000;4655324000
2109;1000000;15061460000
2110;1;520000
